#! /usr/bin/vvp
:ivl_version "12.0 (stable)";
:ivl_delay_selection "TYPICAL";
:vpi_time_precision - 11;
:vpi_module "/usr/lib/x86_64-linux-gnu/ivl/system.vpi";
:vpi_module "/usr/lib/x86_64-linux-gnu/ivl/vhdl_sys.vpi";
:vpi_module "/usr/lib/x86_64-linux-gnu/ivl/vhdl_textio.vpi";
:vpi_module "/usr/lib/x86_64-linux-gnu/ivl/v2005_math.vpi";
:vpi_module "/usr/lib/x86_64-linux-gnu/ivl/va_math.vpi";
S_0x5bd37aeaa940 .scope module, "microc" "microc" 2 1;
 .timescale -9 -11;
    .port_info 0 /OUTPUT 6 "Opcode";
    .port_info 1 /OUTPUT 1 "z";
    .port_info 2 /INPUT 1 "clk";
    .port_info 3 /INPUT 1 "reset";
    .port_info 4 /INPUT 1 "s_inc";
    .port_info 5 /INPUT 1 "s_inm";
    .port_info 6 /INPUT 1 "we3";
    .port_info 7 /INPUT 1 "wez";
    .port_info 8 /INPUT 3 "Op";
o0x73e1bdad0078 .functor BUFZ 3, C4<zzz>; HiZ drive
v0x5bd37aeead70_0 .net "Op", 2 0, o0x73e1bdad0078;  0 drivers
o0x73e1bdad0eb8 .functor BUFZ 6, C4<zzzzzz>; HiZ drive
v0x5bd37aeeae50_0 .net "Opcode", 5 0, o0x73e1bdad0eb8;  0 drivers
v0x5bd37aeeaf10_0 .net "RD_1", 7 0, L_0x5bd37aefc8c0;  1 drivers
v0x5bd37aeeb030_0 .net "RD_2", 7 0, L_0x5bd37aefcfd0;  1 drivers
v0x5bd37aeeb140_0 .net "WD3", 7 0, L_0x5bd37aefd3c0;  1 drivers
o0x73e1bdad02e8 .functor BUFZ 1, C4<z>; HiZ drive
v0x5bd37aeeb2a0_0 .net "clk", 0 0, o0x73e1bdad02e8;  0 drivers
o0x73e1bdad0528 .functor BUFZ 1, C4<z>; HiZ drive
v0x5bd37aeeb340_0 .net "reset", 0 0, o0x73e1bdad0528;  0 drivers
o0x73e1bdad0438 .functor BUFZ 1, C4<z>; HiZ drive
v0x5bd37aeeb3e0_0 .net "s_inc", 0 0, o0x73e1bdad0438;  0 drivers
o0x73e1bdad0bb8 .functor BUFZ 1, C4<z>; HiZ drive
v0x5bd37aeeb480_0 .net "s_inm", 0 0, o0x73e1bdad0bb8;  0 drivers
v0x5bd37aeeb520_0 .net "salida_alu", 7 0, v0x5bd37aee6680_0;  1 drivers
v0x5bd37aeeb5c0_0 .net "salida_memoria", 15 0, L_0x5bd37aeec0d0;  1 drivers
v0x5bd37aeeb660_0 .net "salida_mux", 9 0, L_0x5bd37aeebe10;  1 drivers
v0x5bd37aeeb750_0 .net "salida_pc", 9 0, v0x5bd37aee7cd0_0;  1 drivers
v0x5bd37aeeb810_0 .net "salida_sumador", 9 0, L_0x5bd37aeec030;  1 drivers
o0x73e1bdad09d8 .functor BUFZ 1, C4<z>; HiZ drive
v0x5bd37aeeb920_0 .net "we3", 0 0, o0x73e1bdad09d8;  0 drivers
o0x73e1bdad0d68 .functor BUFZ 1, C4<z>; HiZ drive
v0x5bd37aeeb9c0_0 .net "wez", 0 0, o0x73e1bdad0d68;  0 drivers
v0x5bd37aeeba60_0 .net "z", 0 0, v0x5bd37aeeab70_0;  1 drivers
v0x5bd37aeebc10_0 .net "zero", 0 0, v0x5bd37aee6760_0;  1 drivers
L_0x5bd37aeebef0 .part L_0x5bd37aeec0d0, 0, 10;
L_0x5bd37aefd120 .part L_0x5bd37aeec0d0, 8, 4;
L_0x5bd37aefd250 .part L_0x5bd37aeec0d0, 4, 4;
L_0x5bd37aefd2f0 .part L_0x5bd37aeec0d0, 0, 4;
L_0x5bd37aefd460 .part L_0x5bd37aeec0d0, 4, 8;
S_0x5bd37aebe300 .scope module, "alu1" "alu" 2 31, 3 1 0, S_0x5bd37aeaa940;
 .timescale 0 0;
    .port_info 0 /OUTPUT 8 "S";
    .port_info 1 /OUTPUT 1 "zero";
    .port_info 2 /INPUT 8 "A";
    .port_info 3 /INPUT 8 "B";
    .port_info 4 /INPUT 3 "Op";
v0x5bd37aeca390_0 .net "A", 7 0, L_0x5bd37aefc8c0;  alias, 1 drivers
v0x5bd37aeca430_0 .net "B", 7 0, L_0x5bd37aefcfd0;  alias, 1 drivers
v0x5bd37aee65c0_0 .net "Op", 2 0, o0x73e1bdad0078;  alias, 0 drivers
v0x5bd37aee6680_0 .var "S", 7 0;
v0x5bd37aee6760_0 .var "zero", 0 0;
E_0x5bd37aeb35b0 .event anyedge, v0x5bd37aee65c0_0, v0x5bd37aeca430_0, v0x5bd37aeca390_0;
S_0x5bd37aee6910 .scope module, "memor" "memprog" 2 18, 4 3 0, S_0x5bd37aeaa940;
 .timescale 0 0;
    .port_info 0 /OUTPUT 16 "Data";
    .port_info 1 /INPUT 1 "clk";
    .port_info 2 /INPUT 10 "Address";
L_0x5bd37aeec0d0 .functor BUFZ 16, L_0x5bd37aefc190, C4<0000000000000000>, C4<0000000000000000>, C4<0000000000000000>;
v0x5bd37aee6b60_0 .net "Address", 9 0, v0x5bd37aee7cd0_0;  alias, 1 drivers
v0x5bd37aee6c60_0 .net "Data", 15 0, L_0x5bd37aeec0d0;  alias, 1 drivers
v0x5bd37aee6d40 .array "Mem", 1023 0, 15 0;
v0x5bd37aee6de0_0 .net *"_ivl_0", 15 0, L_0x5bd37aefc190;  1 drivers
v0x5bd37aee6ec0_0 .net *"_ivl_2", 11 0, L_0x5bd37aefc250;  1 drivers
L_0x73e1bda87060 .functor BUFT 1, C4<00>, C4<0>, C4<0>, C4<0>;
v0x5bd37aee6ff0_0 .net *"_ivl_5", 1 0, L_0x73e1bda87060;  1 drivers
v0x5bd37aee70d0_0 .net "clk", 0 0, o0x73e1bdad02e8;  alias, 0 drivers
L_0x5bd37aefc190 .array/port v0x5bd37aee6d40, L_0x5bd37aefc250;
L_0x5bd37aefc250 .concat [ 10 2 0 0], v0x5bd37aee7cd0_0, L_0x73e1bda87060;
S_0x5bd37aee7210 .scope module, "mux" "mux2" 2 10, 5 46 0, S_0x5bd37aeaa940;
 .timescale 0 0;
    .port_info 0 /OUTPUT 10 "Y";
    .port_info 1 /INPUT 10 "D0";
    .port_info 2 /INPUT 10 "D1";
    .port_info 3 /INPUT 1 "s";
P_0x5bd37aee73f0 .param/l "WIDTH" 0 5 46, +C4<00000000000000000000000000001010>;
v0x5bd37aee7490_0 .net "D0", 9 0, L_0x5bd37aeebef0;  1 drivers
v0x5bd37aee7550_0 .net "D1", 9 0, L_0x5bd37aeec030;  alias, 1 drivers
v0x5bd37aee7630_0 .net "Y", 9 0, L_0x5bd37aeebe10;  alias, 1 drivers
v0x5bd37aee76f0_0 .net "s", 0 0, o0x73e1bdad0438;  alias, 0 drivers
L_0x5bd37aeebe10 .functor MUXZ 10, L_0x5bd37aeebef0, L_0x5bd37aeec030, o0x73e1bdad0438, C4<>;
S_0x5bd37aee7860 .scope module, "pc" "registro" 2 5, 5 35 0, S_0x5bd37aeaa940;
 .timescale 0 0;
    .port_info 0 /OUTPUT 10 "Q";
    .port_info 1 /INPUT 1 "clk";
    .port_info 2 /INPUT 1 "reset";
    .port_info 3 /INPUT 10 "D";
P_0x5bd37aee7a40 .param/l "WIDTH" 0 5 35, +C4<00000000000000000000000000001010>;
v0x5bd37aee7bc0_0 .net "D", 9 0, L_0x5bd37aeebe10;  alias, 1 drivers
v0x5bd37aee7cd0_0 .var "Q", 9 0;
v0x5bd37aee7da0_0 .net "clk", 0 0, o0x73e1bdad02e8;  alias, 0 drivers
v0x5bd37aee7ea0_0 .net "reset", 0 0, o0x73e1bdad0528;  alias, 0 drivers
E_0x5bd37aeb3a20 .event posedge, v0x5bd37aee7ea0_0, v0x5bd37aee70d0_0;
S_0x5bd37aee7fb0 .scope module, "regs" "regfile" 2 23, 5 4 0, S_0x5bd37aeaa940;
 .timescale 0 0;
    .port_info 0 /OUTPUT 8 "RD1";
    .port_info 1 /OUTPUT 8 "RD2";
    .port_info 2 /INPUT 1 "clk";
    .port_info 3 /INPUT 1 "we3";
    .port_info 4 /INPUT 4 "RA1";
    .port_info 5 /INPUT 4 "RA2";
    .port_info 6 /INPUT 4 "WA3";
    .port_info 7 /INPUT 8 "WD3";
v0x5bd37aee8340 .array "R", 15 0, 7 0;
v0x5bd37aee8420_0 .net "RA1", 3 0, L_0x5bd37aefd120;  1 drivers
v0x5bd37aee8500_0 .net "RA2", 3 0, L_0x5bd37aefd250;  1 drivers
v0x5bd37aee85c0_0 .net "RD1", 7 0, L_0x5bd37aefc8c0;  alias, 1 drivers
v0x5bd37aee8680_0 .net "RD2", 7 0, L_0x5bd37aefcfd0;  alias, 1 drivers
v0x5bd37aee8770_0 .net "WA3", 3 0, L_0x5bd37aefd2f0;  1 drivers
v0x5bd37aee8830_0 .net "WD3", 7 0, L_0x5bd37aefd3c0;  alias, 1 drivers
v0x5bd37aee8910_0 .net *"_ivl_0", 31 0, L_0x5bd37aefc390;  1 drivers
v0x5bd37aee89f0_0 .net *"_ivl_10", 5 0, L_0x5bd37aefc6b0;  1 drivers
L_0x73e1bda87138 .functor BUFT 1, C4<00>, C4<0>, C4<0>, C4<0>;
v0x5bd37aee8ad0_0 .net *"_ivl_13", 1 0, L_0x73e1bda87138;  1 drivers
L_0x73e1bda87180 .functor BUFT 1, C4<00000000>, C4<0>, C4<0>, C4<0>;
v0x5bd37aee8bb0_0 .net/2u *"_ivl_14", 7 0, L_0x73e1bda87180;  1 drivers
v0x5bd37aee8c90_0 .net *"_ivl_18", 31 0, L_0x5bd37aefca50;  1 drivers
L_0x73e1bda871c8 .functor BUFT 1, C4<0000000000000000000000000000>, C4<0>, C4<0>, C4<0>;
v0x5bd37aee8d70_0 .net *"_ivl_21", 27 0, L_0x73e1bda871c8;  1 drivers
L_0x73e1bda87210 .functor BUFT 1, C4<00000000000000000000000000000000>, C4<0>, C4<0>, C4<0>;
v0x5bd37aee8e50_0 .net/2u *"_ivl_22", 31 0, L_0x73e1bda87210;  1 drivers
v0x5bd37aee8f30_0 .net *"_ivl_24", 0 0, L_0x5bd37aefcb80;  1 drivers
v0x5bd37aee8ff0_0 .net *"_ivl_26", 7 0, L_0x5bd37aefccc0;  1 drivers
v0x5bd37aee90d0_0 .net *"_ivl_28", 5 0, L_0x5bd37aefcdb0;  1 drivers
L_0x73e1bda870a8 .functor BUFT 1, C4<0000000000000000000000000000>, C4<0>, C4<0>, C4<0>;
v0x5bd37aee92c0_0 .net *"_ivl_3", 27 0, L_0x73e1bda870a8;  1 drivers
L_0x73e1bda87258 .functor BUFT 1, C4<00>, C4<0>, C4<0>, C4<0>;
v0x5bd37aee93a0_0 .net *"_ivl_31", 1 0, L_0x73e1bda87258;  1 drivers
L_0x73e1bda872a0 .functor BUFT 1, C4<00000000>, C4<0>, C4<0>, C4<0>;
v0x5bd37aee9480_0 .net/2u *"_ivl_32", 7 0, L_0x73e1bda872a0;  1 drivers
L_0x73e1bda870f0 .functor BUFT 1, C4<00000000000000000000000000000000>, C4<0>, C4<0>, C4<0>;
v0x5bd37aee9560_0 .net/2u *"_ivl_4", 31 0, L_0x73e1bda870f0;  1 drivers
v0x5bd37aee9640_0 .net *"_ivl_6", 0 0, L_0x5bd37aefc4d0;  1 drivers
v0x5bd37aee9700_0 .net *"_ivl_8", 7 0, L_0x5bd37aefc610;  1 drivers
v0x5bd37aee97e0_0 .net "clk", 0 0, o0x73e1bdad02e8;  alias, 0 drivers
v0x5bd37aee9880_0 .net "we3", 0 0, o0x73e1bdad09d8;  alias, 0 drivers
E_0x5bd37ae7aa70 .event posedge, v0x5bd37aee70d0_0;
L_0x5bd37aefc390 .concat [ 4 28 0 0], L_0x5bd37aefd120, L_0x73e1bda870a8;
L_0x5bd37aefc4d0 .cmp/ne 32, L_0x5bd37aefc390, L_0x73e1bda870f0;
L_0x5bd37aefc610 .array/port v0x5bd37aee8340, L_0x5bd37aefc6b0;
L_0x5bd37aefc6b0 .concat [ 4 2 0 0], L_0x5bd37aefd120, L_0x73e1bda87138;
L_0x5bd37aefc8c0 .functor MUXZ 8, L_0x73e1bda87180, L_0x5bd37aefc610, L_0x5bd37aefc4d0, C4<>;
L_0x5bd37aefca50 .concat [ 4 28 0 0], L_0x5bd37aefd250, L_0x73e1bda871c8;
L_0x5bd37aefcb80 .cmp/ne 32, L_0x5bd37aefca50, L_0x73e1bda87210;
L_0x5bd37aefccc0 .array/port v0x5bd37aee8340, L_0x5bd37aefcdb0;
L_0x5bd37aefcdb0 .concat [ 4 2 0 0], L_0x5bd37aefd250, L_0x73e1bda87258;
L_0x5bd37aefcfd0 .functor MUXZ 8, L_0x73e1bda872a0, L_0x5bd37aefccc0, L_0x5bd37aefcb80, C4<>;
S_0x5bd37aee9a90 .scope module, "seg_mux" "mux2" 2 27, 5 46 0, S_0x5bd37aeaa940;
 .timescale 0 0;
    .port_info 0 /OUTPUT 8 "Y";
    .port_info 1 /INPUT 8 "D0";
    .port_info 2 /INPUT 8 "D1";
    .port_info 3 /INPUT 1 "s";
P_0x5bd37aee9c20 .param/l "WIDTH" 0 5 46, +C4<00000000000000000000000000001000>;
v0x5bd37aee9d60_0 .net "D0", 7 0, v0x5bd37aee6680_0;  alias, 1 drivers
v0x5bd37aee9e70_0 .net "D1", 7 0, L_0x5bd37aefd460;  1 drivers
v0x5bd37aee9f30_0 .net "Y", 7 0, L_0x5bd37aefd3c0;  alias, 1 drivers
v0x5bd37aeea030_0 .net "s", 0 0, o0x73e1bdad0bb8;  alias, 0 drivers
L_0x5bd37aefd3c0 .functor MUXZ 8, v0x5bd37aee6680_0, L_0x5bd37aefd460, o0x73e1bdad0bb8, C4<>;
S_0x5bd37aeea180 .scope module, "sumador" "sum" 2 14, 5 28 0, S_0x5bd37aeaa940;
 .timescale 0 0;
    .port_info 0 /OUTPUT 10 "Y";
    .port_info 1 /INPUT 10 "A";
    .port_info 2 /INPUT 10 "B";
L_0x73e1bda87018 .functor BUFT 1, C4<0000000001>, C4<0>, C4<0>, C4<0>;
v0x5bd37aeea3d0_0 .net "A", 9 0, L_0x73e1bda87018;  1 drivers
v0x5bd37aeea4d0_0 .net "B", 9 0, v0x5bd37aee7cd0_0;  alias, 1 drivers
v0x5bd37aeea5e0_0 .net "Y", 9 0, L_0x5bd37aeec030;  alias, 1 drivers
L_0x5bd37aeec030 .arith/sum 10, L_0x73e1bda87018, v0x5bd37aee7cd0_0;
S_0x5bd37aeea6e0 .scope module, "zer" "ffd" 2 33, 5 56 0, S_0x5bd37aeaa940;
 .timescale 0 0;
    .port_info 0 /INPUT 1 "clk";
    .port_info 1 /INPUT 1 "reset";
    .port_info 2 /INPUT 1 "d";
    .port_info 3 /INPUT 1 "carga";
    .port_info 4 /OUTPUT 1 "q";
v0x5bd37aeea8f0_0 .net "carga", 0 0, o0x73e1bdad0d68;  alias, 0 drivers
v0x5bd37aeea9b0_0 .net "clk", 0 0, o0x73e1bdad02e8;  alias, 0 drivers
v0x5bd37aeeaa70_0 .net "d", 0 0, v0x5bd37aee6760_0;  alias, 1 drivers
v0x5bd37aeeab70_0 .var "q", 0 0;
v0x5bd37aeeac10_0 .net "reset", 0 0, o0x73e1bdad0528;  alias, 0 drivers
S_0x5bd37aea1b70 .scope module, "microc_tb" "microc_tb" 6 2;
 .timescale -9 -11;
    .scope S_0x5bd37aee7860;
T_0 ;
    %wait E_0x5bd37aeb3a20;
    %load/vec4 v0x5bd37aee7ea0_0;
    %flag_set/vec4 8;
    %jmp/0xz  T_0.0, 8;
    %pushi/vec4 0, 0, 10;
    %assign/vec4 v0x5bd37aee7cd0_0, 0;
    %jmp T_0.1;
T_0.0 ;
    %load/vec4 v0x5bd37aee7bc0_0;
    %assign/vec4 v0x5bd37aee7cd0_0, 0;
T_0.1 ;
    %jmp T_0;
    .thread T_0;
    .scope S_0x5bd37aee6910;
T_1 ;
    %vpi_call 4 11 "$readmemb", "progfile.dat", v0x5bd37aee6d40 {0 0 0};
    %end;
    .thread T_1;
    .scope S_0x5bd37aee7fb0;
T_2 ;
    %vpi_call 5 14 "$readmemb", "regfile.dat", v0x5bd37aee8340 {0 0 0};
    %end;
    .thread T_2;
    .scope S_0x5bd37aee7fb0;
T_3 ;
    %wait E_0x5bd37ae7aa70;
    %load/vec4 v0x5bd37aee9880_0;
    %flag_set/vec4 8;
    %jmp/0xz  T_3.0, 8;
    %load/vec4 v0x5bd37aee8830_0;
    %load/vec4 v0x5bd37aee8770_0;
    %pad/u 6;
    %ix/vec4 3;
    %ix/load 4, 0, 0; Constant delay
    %assign/vec4/a/d v0x5bd37aee8340, 0, 4;
T_3.0 ;
    %jmp T_3;
    .thread T_3;
    .scope S_0x5bd37aebe300;
T_4 ;
    %wait E_0x5bd37aeb35b0;
    %load/vec4 v0x5bd37aee65c0_0;
    %dup/vec4;
    %pushi/vec4 0, 0, 3;
    %cmp/u;
    %jmp/1 T_4.0, 6;
    %dup/vec4;
    %pushi/vec4 1, 0, 3;
    %cmp/u;
    %jmp/1 T_4.1, 6;
    %dup/vec4;
    %pushi/vec4 2, 0, 3;
    %cmp/u;
    %jmp/1 T_4.2, 6;
    %dup/vec4;
    %pushi/vec4 3, 0, 3;
    %cmp/u;
    %jmp/1 T_4.3, 6;
    %dup/vec4;
    %pushi/vec4 4, 0, 3;
    %cmp/u;
    %jmp/1 T_4.4, 6;
    %dup/vec4;
    %pushi/vec4 5, 0, 3;
    %cmp/u;
    %jmp/1 T_4.5, 6;
    %dup/vec4;
    %pushi/vec4 6, 0, 3;
    %cmp/u;
    %jmp/1 T_4.6, 6;
    %dup/vec4;
    %pushi/vec4 7, 0, 3;
    %cmp/u;
    %jmp/1 T_4.7, 6;
    %pushi/vec4 255, 255, 8;
    %store/vec4 v0x5bd37aee6680_0, 0, 8;
    %jmp T_4.9;
T_4.0 ;
    %load/vec4 v0x5bd37aeca390_0;
    %store/vec4 v0x5bd37aee6680_0, 0, 8;
    %jmp T_4.9;
T_4.1 ;
    %load/vec4 v0x5bd37aeca390_0;
    %inv;
    %store/vec4 v0x5bd37aee6680_0, 0, 8;
    %jmp T_4.9;
T_4.2 ;
    %load/vec4 v0x5bd37aeca390_0;
    %load/vec4 v0x5bd37aeca430_0;
    %add;
    %store/vec4 v0x5bd37aee6680_0, 0, 8;
    %jmp T_4.9;
T_4.3 ;
    %load/vec4 v0x5bd37aeca390_0;
    %load/vec4 v0x5bd37aeca430_0;
    %sub;
    %store/vec4 v0x5bd37aee6680_0, 0, 8;
    %jmp T_4.9;
T_4.4 ;
    %load/vec4 v0x5bd37aeca390_0;
    %load/vec4 v0x5bd37aeca430_0;
    %and;
    %store/vec4 v0x5bd37aee6680_0, 0, 8;
    %jmp T_4.9;
T_4.5 ;
    %load/vec4 v0x5bd37aeca390_0;
    %load/vec4 v0x5bd37aeca430_0;
    %or;
    %store/vec4 v0x5bd37aee6680_0, 0, 8;
    %jmp T_4.9;
T_4.6 ;
    %load/vec4 v0x5bd37aeca390_0;
    %inv;
    %pushi/vec4 1, 0, 8;
    %add;
    %store/vec4 v0x5bd37aee6680_0, 0, 8;
    %jmp T_4.9;
T_4.7 ;
    %load/vec4 v0x5bd37aeca430_0;
    %inv;
    %pushi/vec4 1, 0, 8;
    %add;
    %store/vec4 v0x5bd37aee6680_0, 0, 8;
    %jmp T_4.9;
T_4.9 ;
    %pop/vec4 1;
    %load/vec4 v0x5bd37aee6680_0;
    %or/r;
    %inv;
    %store/vec4 v0x5bd37aee6760_0, 0, 1;
    %jmp T_4;
    .thread T_4, $push;
    .scope S_0x5bd37aeea6e0;
T_5 ;
    %wait E_0x5bd37aeb3a20;
    %load/vec4 v0x5bd37aeeac10_0;
    %flag_set/vec4 8;
    %jmp/0xz  T_5.0, 8;
    %pushi/vec4 0, 0, 1;
    %assign/vec4 v0x5bd37aeeab70_0, 0;
    %jmp T_5.1;
T_5.0 ;
    %load/vec4 v0x5bd37aeea8f0_0;
    %flag_set/vec4 8;
    %jmp/0xz  T_5.2, 8;
    %load/vec4 v0x5bd37aeeaa70_0;
    %assign/vec4 v0x5bd37aeeab70_0, 0;
T_5.2 ;
T_5.1 ;
    %jmp T_5;
    .thread T_5;
    .scope S_0x5bd37aea1b70;
T_6 ;
    %vpi_call 6 16 "$dumpfile", "microc_tb.vcd" {0 0 0};
    %vpi_call 6 17 "$dumpvars" {0 0 0};
    %end;
    .thread T_6;
    .scope S_0x5bd37aea1b70;
T_7 ;
    %vpi_call 6 27 "$finish" {0 0 0};
    %end;
    .thread T_7;
# The file index is used to find the file name in the following table.
:file_names 7;
    "N/A";
    "<interactive>";
    "microc.v";
    "alu.v";
    "memprog.v";
    "componentes.v";
    "microc_tb.v";
