#! /usr/bin/vvp
:ivl_version "12.0 (stable)";
:ivl_delay_selection "TYPICAL";
:vpi_time_precision - 11;
:vpi_module "/usr/lib/x86_64-linux-gnu/ivl/system.vpi";
:vpi_module "/usr/lib/x86_64-linux-gnu/ivl/vhdl_sys.vpi";
:vpi_module "/usr/lib/x86_64-linux-gnu/ivl/vhdl_textio.vpi";
:vpi_module "/usr/lib/x86_64-linux-gnu/ivl/v2005_math.vpi";
:vpi_module "/usr/lib/x86_64-linux-gnu/ivl/va_math.vpi";
S_0x5f25bbea10d0 .scope module, "alu_tb" "alu_tb" 2 3;
 .timescale -9 -11;
v0x5f25bbed80b0_0 .var "error", 0 0;
v0x5f25bbed8190_0 .var "error_R", 0 0;
v0x5f25bbed8250_0 .var "error_c", 0 0;
v0x5f25bbed82f0_0 .var "error_s", 0 0;
v0x5f25bbed83b0_0 .var "error_z", 0 0;
v0x5f25bbed8470_0 .var/i "errores", 31 0;
v0x5f25bbed8550_0 .var "t_A", 3 0;
v0x5f25bbed86a0_0 .var "t_B", 3 0;
v0x5f25bbed8760_0 .var "t_Op", 2 0;
v0x5f25bbed88b0_0 .net "t_R", 3 0, L_0x5f25bbee4e00;  1 drivers
v0x5f25bbed8970_0 .net "t_c", 0 0, L_0x5f25bbee1ac0;  1 drivers
v0x5f25bbed8a10_0 .var "t_cin", 0 0;
v0x5f25bbed8ab0_0 .net "t_s", 0 0, L_0x5f25bbee54c0;  1 drivers
v0x5f25bbed8b50_0 .net "t_z", 0 0, L_0x5f25bbee56e0;  1 drivers
S_0x5f25bbe90d80 .scope task, "check" "check" 2 54, 2 54 0, S_0x5f25bbea10d0;
 .timescale -9 -11;
v0x5f25bbe99df0_0 .var "expected_R", 4 0;
v0x5f25bbe5b890_0 .var "expected_c", 0 0;
v0x5f25bbec38b0_0 .var "expected_s", 0 0;
v0x5f25bbec3950_0 .var "expected_z", 0 0;
TD_alu_tb.check ;
    %vpi_call 2 59 "$write", "tiempo=%0d A=%b B=%b c_in=%b OP=%b R=%b, Z=%b, C=%b, S=%b.", $time, v0x5f25bbed8550_0, v0x5f25bbed86a0_0, v0x5f25bbed8a10_0, v0x5f25bbed8760_0, v0x5f25bbed88b0_0, v0x5f25bbed8b50_0, v0x5f25bbed8970_0, v0x5f25bbed8ab0_0 {0 0 0};
    %load/vec4 v0x5f25bbed8760_0;
    %dup/vec4;
    %pushi/vec4 0, 0, 3;
    %cmp/u;
    %jmp/1 T_0.0, 6;
    %dup/vec4;
    %pushi/vec4 1, 0, 3;
    %cmp/u;
    %jmp/1 T_0.1, 6;
    %dup/vec4;
    %pushi/vec4 2, 0, 3;
    %cmp/u;
    %jmp/1 T_0.2, 6;
    %dup/vec4;
    %pushi/vec4 3, 0, 3;
    %cmp/u;
    %jmp/1 T_0.3, 6;
    %dup/vec4;
    %pushi/vec4 4, 0, 3;
    %cmp/u;
    %jmp/1 T_0.4, 6;
    %dup/vec4;
    %pushi/vec4 5, 0, 3;
    %cmp/u;
    %jmp/1 T_0.5, 6;
    %dup/vec4;
    %pushi/vec4 6, 0, 3;
    %cmp/u;
    %jmp/1 T_0.6, 6;
    %dup/vec4;
    %pushi/vec4 7, 0, 3;
    %cmp/u;
    %jmp/1 T_0.7, 6;
    %vpi_call 2 69 "$display", "ERROR. Valor no esperado para t_Op: %b", v0x5f25bbed8760_0 {0 0 0};
    %jmp T_0.9;
T_0.0 ;
    %load/vec4 v0x5f25bbed8550_0;
    %pad/u 5;
    %load/vec4 v0x5f25bbed8a10_0;
    %pad/u 5;
    %add;
    %store/vec4 v0x5f25bbe99df0_0, 0, 5;
    %jmp T_0.9;
T_0.1 ;
    %load/vec4 v0x5f25bbed8550_0;
    %pad/u 5;
    %pushi/vec4 15, 0, 5;
    %xor;
    %addi 1, 0, 5;
    %load/vec4 v0x5f25bbed8a10_0;
    %pad/u 5;
    %add;
    %store/vec4 v0x5f25bbe99df0_0, 0, 5;
    %jmp T_0.9;
T_0.2 ;
    %load/vec4 v0x5f25bbed8550_0;
    %pad/u 5;
    %load/vec4 v0x5f25bbed86a0_0;
    %pad/u 5;
    %add;
    %load/vec4 v0x5f25bbed8a10_0;
    %pad/u 5;
    %add;
    %store/vec4 v0x5f25bbe99df0_0, 0, 5;
    %jmp T_0.9;
T_0.3 ;
    %load/vec4 v0x5f25bbed8550_0;
    %pad/u 5;
    %addi 1, 0, 5;
    %load/vec4 v0x5f25bbed8a10_0;
    %pad/u 5;
    %add;
    %store/vec4 v0x5f25bbe99df0_0, 0, 5;
    %jmp T_0.9;
T_0.4 ;
    %load/vec4 v0x5f25bbed8550_0;
    %pad/u 5;
    %load/vec4 v0x5f25bbed86a0_0;
    %pad/u 5;
    %and;
    %store/vec4 v0x5f25bbe99df0_0, 0, 5;
    %jmp T_0.9;
T_0.5 ;
    %load/vec4 v0x5f25bbed8550_0;
    %pad/u 5;
    %load/vec4 v0x5f25bbed86a0_0;
    %pad/u 5;
    %or;
    %store/vec4 v0x5f25bbe99df0_0, 0, 5;
    %jmp T_0.9;
T_0.6 ;
    %load/vec4 v0x5f25bbed8550_0;
    %pad/u 5;
    %load/vec4 v0x5f25bbed86a0_0;
    %pad/u 5;
    %xor;
    %store/vec4 v0x5f25bbe99df0_0, 0, 5;
    %jmp T_0.9;
T_0.7 ;
    %load/vec4 v0x5f25bbed8550_0;
    %inv;
    %ix/load 4, 0, 0;
    %flag_set/imm 4, 0;
    %store/vec4 v0x5f25bbe99df0_0, 4, 4;
    %jmp T_0.9;
T_0.9 ;
    %pop/vec4 1;
    %load/vec4 v0x5f25bbed8760_0;
    %parti/s 1, 2, 3;
    %flag_set/vec4 8;
    %jmp/0xz  T_0.10, 8;
    %pushi/vec4 0, 0, 1;
    %store/vec4 v0x5f25bbe5b890_0, 0, 1;
    %load/vec4 v0x5f25bbe99df0_0;
    %parti/s 1, 3, 3;
    %store/vec4 v0x5f25bbec38b0_0, 0, 1;
    %pushi/vec4 0, 0, 1;
    %store/vec4 v0x5f25bbed82f0_0, 0, 1;
    %pushi/vec4 0, 0, 1;
    %store/vec4 v0x5f25bbed8250_0, 0, 1;
    %jmp T_0.11;
T_0.10 ;
    %load/vec4 v0x5f25bbe99df0_0;
    %parti/s 1, 4, 4;
    %store/vec4 v0x5f25bbe5b890_0, 0, 1;
    %load/vec4 v0x5f25bbe99df0_0;
    %parti/s 1, 3, 3;
    %store/vec4 v0x5f25bbec38b0_0, 0, 1;
    %load/vec4 v0x5f25bbec38b0_0;
    %load/vec4 v0x5f25bbed8ab0_0;
    %cmp/ne;
    %flag_get/vec4 6;
    %store/vec4 v0x5f25bbed82f0_0, 0, 1;
    %load/vec4 v0x5f25bbe5b890_0;
    %load/vec4 v0x5f25bbed8970_0;
    %cmp/ne;
    %flag_get/vec4 6;
    %store/vec4 v0x5f25bbed8250_0, 0, 1;
T_0.11 ;
    %load/vec4 v0x5f25bbe99df0_0;
    %parti/s 4, 0, 2;
    %nor/r;
    %store/vec4 v0x5f25bbec3950_0, 0, 1;
    %load/vec4 v0x5f25bbe99df0_0;
    %parti/s 4, 0, 2;
    %load/vec4 v0x5f25bbed88b0_0;
    %cmp/ne;
    %flag_get/vec4 6;
    %store/vec4 v0x5f25bbed8190_0, 0, 1;
    %load/vec4 v0x5f25bbec3950_0;
    %load/vec4 v0x5f25bbed8b50_0;
    %cmp/ne;
    %flag_get/vec4 6;
    %store/vec4 v0x5f25bbed83b0_0, 0, 1;
    %load/vec4 v0x5f25bbed8190_0;
    %load/vec4 v0x5f25bbed83b0_0;
    %or;
    %load/vec4 v0x5f25bbed82f0_0;
    %or;
    %load/vec4 v0x5f25bbed8250_0;
    %or;
    %store/vec4 v0x5f25bbed80b0_0, 0, 1;
    %load/vec4 v0x5f25bbed80b0_0;
    %flag_set/vec4 8;
    %jmp/0xz  T_0.12, 8;
    %load/vec4 v0x5f25bbed8470_0;
    %addi 1, 0, 32;
    %store/vec4 v0x5f25bbed8470_0, 0, 32;
    %vpi_call 2 94 "$display", " ---- ERROR" {0 0 0};
    %load/vec4 v0x5f25bbed8190_0;
    %flag_set/vec4 8;
    %jmp/0xz  T_0.14, 8;
    %vpi_call 2 96 "$display", "\011Resultado esperado %b, obtenido %b", &PV<v0x5f25bbe99df0_0, 0, 4>, v0x5f25bbed88b0_0 {0 0 0};
T_0.14 ;
    %load/vec4 v0x5f25bbed83b0_0;
    %flag_set/vec4 8;
    %jmp/0xz  T_0.16, 8;
    %vpi_call 2 98 "$display", "\011Flag de cero esperado %b, obtenido %b", v0x5f25bbec3950_0, v0x5f25bbed8b50_0 {0 0 0};
T_0.16 ;
    %load/vec4 v0x5f25bbed82f0_0;
    %flag_set/vec4 8;
    %jmp/0xz  T_0.18, 8;
    %vpi_call 2 100 "$display", "\011Flag de signo esperado %b, obtenido %b", v0x5f25bbec38b0_0, v0x5f25bbed8ab0_0 {0 0 0};
T_0.18 ;
    %load/vec4 v0x5f25bbed8250_0;
    %flag_set/vec4 8;
    %jmp/0xz  T_0.20, 8;
    %vpi_call 2 102 "$display", "\011Flag de acarreo esperado %b, obtenido %b", v0x5f25bbe5b890_0, v0x5f25bbed8970_0 {0 0 0};
T_0.20 ;
    %jmp T_0.13;
T_0.12 ;
    %vpi_call 2 105 "$display", " ---- OK" {0 0 0};
T_0.13 ;
    %end;
S_0x5f25bbe9e6c0 .scope module, "mat" "alu" 2 16, 3 1 0, S_0x5f25bbea10d0;
 .timescale -9 -11;
    .port_info 0 /OUTPUT 4 "R";
    .port_info 1 /OUTPUT 1 "zero";
    .port_info 2 /OUTPUT 1 "carry";
    .port_info 3 /OUTPUT 1 "sign";
    .port_info 4 /INPUT 4 "A";
    .port_info 5 /INPUT 4 "B";
    .port_info 6 /INPUT 1 "c_in";
    .port_info 7 /INPUT 3 "Op";
v0x5f25bbed7200_0 .net "A", 3 0, v0x5f25bbed8550_0;  1 drivers
v0x5f25bbed72e0_0 .net "A_mod", 3 0, L_0x5f25bbedcb50;  1 drivers
v0x5f25bbed73a0_0 .net "B", 3 0, v0x5f25bbed86a0_0;  1 drivers
v0x5f25bbed7440_0 .net "B_mod", 3 0, L_0x5f25bbedf440;  1 drivers
v0x5f25bbed7500_0 .net "Op", 2 0, v0x5f25bbed8760_0;  1 drivers
v0x5f25bbed75c0_0 .net "R", 3 0, L_0x5f25bbee4e00;  alias, 1 drivers
L_0x7dfe8e26e450 .functor BUFT 1, C4<1>, C4<0>, C4<0>, C4<0>;
v0x5f25bbed7660_0 .net/2u *"_ivl_10", 0 0, L_0x7dfe8e26e450;  1 drivers
L_0x7dfe8e26e498 .functor BUFT 1, C4<0>, C4<0>, C4<0>, C4<0>;
v0x5f25bbed7720_0 .net/2u *"_ivl_12", 0 0, L_0x7dfe8e26e498;  1 drivers
L_0x7dfe8e26e408 .functor BUFT 1, C4<0000>, C4<0>, C4<0>, C4<0>;
v0x5f25bbed7800_0 .net/2u *"_ivl_6", 3 0, L_0x7dfe8e26e408;  1 drivers
v0x5f25bbed7970_0 .net *"_ivl_8", 0 0, L_0x5f25bbee5640;  1 drivers
v0x5f25bbed7a30_0 .net "adder_sum", 3 0, L_0x5f25bbee21d0;  1 drivers
v0x5f25bbed7af0_0 .net "c_in", 0 0, v0x5f25bbed8a10_0;  1 drivers
v0x5f25bbed7be0_0 .net "carry", 0 0, L_0x5f25bbee1ac0;  alias, 1 drivers
v0x5f25bbed7cd0_0 .net "sign", 0 0, L_0x5f25bbee54c0;  alias, 1 drivers
v0x5f25bbed7d90_0 .net "ul_out", 3 0, L_0x5f25bbee39c0;  1 drivers
v0x5f25bbed7ea0_0 .net "zero", 0 0, L_0x5f25bbee56e0;  alias, 1 drivers
L_0x5f25bbee3d70 .part v0x5f25bbed8760_0, 0, 2;
L_0x5f25bbee5420 .part v0x5f25bbed8760_0, 2, 1;
L_0x5f25bbee54c0 .part L_0x5f25bbee4e00, 3, 1;
L_0x5f25bbee5640 .cmp/eq 4, L_0x5f25bbee4e00, L_0x7dfe8e26e408;
L_0x5f25bbee56e0 .functor MUXZ 1, L_0x7dfe8e26e498, L_0x7dfe8e26e450, L_0x5f25bbee5640, C4<>;
S_0x5f25bbec3ba0 .scope module, "add" "sum4" 3 7, 4 1 0, S_0x5f25bbe9e6c0;
 .timescale -9 -11;
    .port_info 0 /OUTPUT 4 "S";
    .port_info 1 /OUTPUT 1 "c_out";
    .port_info 2 /INPUT 4 "A";
    .port_info 3 /INPUT 4 "B";
    .port_info 4 /INPUT 1 "c_in";
v0x5f25bbec74e0_0 .net "A", 3 0, L_0x5f25bbedcb50;  alias, 1 drivers
v0x5f25bbec75e0_0 .net "B", 3 0, L_0x5f25bbedf440;  alias, 1 drivers
v0x5f25bbec76c0_0 .net "S", 3 0, L_0x5f25bbee21d0;  alias, 1 drivers
v0x5f25bbec7780_0 .net "c_in", 0 0, v0x5f25bbed8a10_0;  alias, 1 drivers
v0x5f25bbec7850_0 .net "c_out", 0 0, L_0x5f25bbee1ac0;  alias, 1 drivers
v0x5f25bbec78f0_0 .net "out_fa1", 0 0, L_0x5f25bbedfd30;  1 drivers
v0x5f25bbec79e0_0 .net "out_fa2", 0 0, L_0x5f25bbee0660;  1 drivers
v0x5f25bbec7ad0_0 .net "out_fa3", 0 0, L_0x5f25bbee1050;  1 drivers
L_0x5f25bbee0480 .part L_0x5f25bbedcb50, 0, 1;
L_0x5f25bbee0570 .part L_0x5f25bbedf440, 0, 1;
L_0x5f25bbee0d30 .part L_0x5f25bbedcb50, 1, 1;
L_0x5f25bbee0e20 .part L_0x5f25bbedf440, 1, 1;
L_0x5f25bbee1790 .part L_0x5f25bbedcb50, 2, 1;
L_0x5f25bbee1990 .part L_0x5f25bbedf440, 2, 1;
L_0x5f25bbee21d0 .concat8 [ 1 1 1 1], L_0x5f25bbedfdd0, L_0x5f25bbee0700, L_0x5f25bbee10f0, L_0x5f25bbee1b60;
L_0x5f25bbee23b0 .part L_0x5f25bbedcb50, 3, 1;
L_0x5f25bbee24f0 .part L_0x5f25bbedf440, 3, 1;
S_0x5f25bbec3d80 .scope module, "fa1" "adder" 4 4, 5 1 0, S_0x5f25bbec3ba0;
 .timescale -9 -11;
    .port_info 0 /OUTPUT 1 "c_out";
    .port_info 1 /OUTPUT 1 "sum";
    .port_info 2 /INPUT 1 "a";
    .port_info 3 /INPUT 1 "b";
    .port_info 4 /INPUT 1 "c_in";
L_0x7dfe8e26e0f0 .functor BUFT 1, C4<0>, C4<0>, C4<0>, C4<0>;
v0x5f25bbec3f80_0 .net *"_ivl_10", 0 0, L_0x7dfe8e26e0f0;  1 drivers
v0x5f25bbec4080_0 .net *"_ivl_11", 1 0, L_0x5f25bbee00a0;  1 drivers
v0x5f25bbec4160_0 .net *"_ivl_13", 1 0, L_0x5f25bbee0250;  1 drivers
L_0x7dfe8e26e138 .functor BUFT 1, C4<0>, C4<0>, C4<0>, C4<0>;
v0x5f25bbec4220_0 .net *"_ivl_16", 0 0, L_0x7dfe8e26e138;  1 drivers
v0x5f25bbec4300_0 .net *"_ivl_17", 1 0, L_0x5f25bbee0340;  1 drivers
v0x5f25bbec4430_0 .net *"_ivl_3", 1 0, L_0x5f25bbedfec0;  1 drivers
L_0x7dfe8e26e0a8 .functor BUFT 1, C4<0>, C4<0>, C4<0>, C4<0>;
v0x5f25bbec4510_0 .net *"_ivl_6", 0 0, L_0x7dfe8e26e0a8;  1 drivers
v0x5f25bbec45f0_0 .net *"_ivl_7", 1 0, L_0x5f25bbedffb0;  1 drivers
v0x5f25bbec46d0_0 .net "a", 0 0, L_0x5f25bbee0480;  1 drivers
v0x5f25bbec4790_0 .net "b", 0 0, L_0x5f25bbee0570;  1 drivers
v0x5f25bbec4850_0 .net "c_in", 0 0, v0x5f25bbed8a10_0;  alias, 1 drivers
v0x5f25bbec4910_0 .net "c_out", 0 0, L_0x5f25bbedfd30;  alias, 1 drivers
v0x5f25bbec49d0_0 .net "sum", 0 0, L_0x5f25bbedfdd0;  1 drivers
L_0x5f25bbedfd30 .part L_0x5f25bbee0340, 1, 1;
L_0x5f25bbedfdd0 .part L_0x5f25bbee0340, 0, 1;
L_0x5f25bbedfec0 .concat [ 1 1 0 0], L_0x5f25bbee0480, L_0x7dfe8e26e0a8;
L_0x5f25bbedffb0 .concat [ 1 1 0 0], L_0x5f25bbee0570, L_0x7dfe8e26e0f0;
L_0x5f25bbee00a0 .arith/sum 2, L_0x5f25bbedfec0, L_0x5f25bbedffb0;
L_0x5f25bbee0250 .concat [ 1 1 0 0], v0x5f25bbed8a10_0, L_0x7dfe8e26e138;
L_0x5f25bbee0340 .arith/sum 2, L_0x5f25bbee00a0, L_0x5f25bbee0250;
S_0x5f25bbec4b30 .scope module, "fa2" "adder" 4 5, 5 1 0, S_0x5f25bbec3ba0;
 .timescale -9 -11;
    .port_info 0 /OUTPUT 1 "c_out";
    .port_info 1 /OUTPUT 1 "sum";
    .port_info 2 /INPUT 1 "a";
    .port_info 3 /INPUT 1 "b";
    .port_info 4 /INPUT 1 "c_in";
L_0x7dfe8e26e1c8 .functor BUFT 1, C4<0>, C4<0>, C4<0>, C4<0>;
v0x5f25bbec4ce0_0 .net *"_ivl_10", 0 0, L_0x7dfe8e26e1c8;  1 drivers
v0x5f25bbec4dc0_0 .net *"_ivl_11", 1 0, L_0x5f25bbee09d0;  1 drivers
v0x5f25bbec4ea0_0 .net *"_ivl_13", 1 0, L_0x5f25bbee0b10;  1 drivers
L_0x7dfe8e26e210 .functor BUFT 1, C4<0>, C4<0>, C4<0>, C4<0>;
v0x5f25bbec4f60_0 .net *"_ivl_16", 0 0, L_0x7dfe8e26e210;  1 drivers
v0x5f25bbec5040_0 .net *"_ivl_17", 1 0, L_0x5f25bbee0bf0;  1 drivers
v0x5f25bbec5170_0 .net *"_ivl_3", 1 0, L_0x5f25bbee07f0;  1 drivers
L_0x7dfe8e26e180 .functor BUFT 1, C4<0>, C4<0>, C4<0>, C4<0>;
v0x5f25bbec5250_0 .net *"_ivl_6", 0 0, L_0x7dfe8e26e180;  1 drivers
v0x5f25bbec5330_0 .net *"_ivl_7", 1 0, L_0x5f25bbee08e0;  1 drivers
v0x5f25bbec5410_0 .net "a", 0 0, L_0x5f25bbee0d30;  1 drivers
v0x5f25bbec5560_0 .net "b", 0 0, L_0x5f25bbee0e20;  1 drivers
v0x5f25bbec5620_0 .net "c_in", 0 0, L_0x5f25bbedfd30;  alias, 1 drivers
v0x5f25bbec56c0_0 .net "c_out", 0 0, L_0x5f25bbee0660;  alias, 1 drivers
v0x5f25bbec5760_0 .net "sum", 0 0, L_0x5f25bbee0700;  1 drivers
L_0x5f25bbee0660 .part L_0x5f25bbee0bf0, 1, 1;
L_0x5f25bbee0700 .part L_0x5f25bbee0bf0, 0, 1;
L_0x5f25bbee07f0 .concat [ 1 1 0 0], L_0x5f25bbee0d30, L_0x7dfe8e26e180;
L_0x5f25bbee08e0 .concat [ 1 1 0 0], L_0x5f25bbee0e20, L_0x7dfe8e26e1c8;
L_0x5f25bbee09d0 .arith/sum 2, L_0x5f25bbee07f0, L_0x5f25bbee08e0;
L_0x5f25bbee0b10 .concat [ 1 1 0 0], L_0x5f25bbedfd30, L_0x7dfe8e26e210;
L_0x5f25bbee0bf0 .arith/sum 2, L_0x5f25bbee09d0, L_0x5f25bbee0b10;
S_0x5f25bbec58f0 .scope module, "fa3" "adder" 4 6, 5 1 0, S_0x5f25bbec3ba0;
 .timescale -9 -11;
    .port_info 0 /OUTPUT 1 "c_out";
    .port_info 1 /OUTPUT 1 "sum";
    .port_info 2 /INPUT 1 "a";
    .port_info 3 /INPUT 1 "b";
    .port_info 4 /INPUT 1 "c_in";
L_0x7dfe8e26e2a0 .functor BUFT 1, C4<0>, C4<0>, C4<0>, C4<0>;
v0x5f25bbec5ab0_0 .net *"_ivl_10", 0 0, L_0x7dfe8e26e2a0;  1 drivers
v0x5f25bbec5b90_0 .net *"_ivl_11", 1 0, L_0x5f25bbee13a0;  1 drivers
v0x5f25bbec5c70_0 .net *"_ivl_13", 1 0, L_0x5f25bbee14e0;  1 drivers
L_0x7dfe8e26e2e8 .functor BUFT 1, C4<0>, C4<0>, C4<0>, C4<0>;
v0x5f25bbec5d60_0 .net *"_ivl_16", 0 0, L_0x7dfe8e26e2e8;  1 drivers
v0x5f25bbec5e40_0 .net *"_ivl_17", 1 0, L_0x5f25bbee1650;  1 drivers
v0x5f25bbec5f70_0 .net *"_ivl_3", 1 0, L_0x5f25bbee11e0;  1 drivers
L_0x7dfe8e26e258 .functor BUFT 1, C4<0>, C4<0>, C4<0>, C4<0>;
v0x5f25bbec6050_0 .net *"_ivl_6", 0 0, L_0x7dfe8e26e258;  1 drivers
v0x5f25bbec6130_0 .net *"_ivl_7", 1 0, L_0x5f25bbee12d0;  1 drivers
v0x5f25bbec6210_0 .net "a", 0 0, L_0x5f25bbee1790;  1 drivers
v0x5f25bbec6360_0 .net "b", 0 0, L_0x5f25bbee1990;  1 drivers
v0x5f25bbec6420_0 .net "c_in", 0 0, L_0x5f25bbee0660;  alias, 1 drivers
v0x5f25bbec64c0_0 .net "c_out", 0 0, L_0x5f25bbee1050;  alias, 1 drivers
v0x5f25bbec6560_0 .net "sum", 0 0, L_0x5f25bbee10f0;  1 drivers
L_0x5f25bbee1050 .part L_0x5f25bbee1650, 1, 1;
L_0x5f25bbee10f0 .part L_0x5f25bbee1650, 0, 1;
L_0x5f25bbee11e0 .concat [ 1 1 0 0], L_0x5f25bbee1790, L_0x7dfe8e26e258;
L_0x5f25bbee12d0 .concat [ 1 1 0 0], L_0x5f25bbee1990, L_0x7dfe8e26e2a0;
L_0x5f25bbee13a0 .arith/sum 2, L_0x5f25bbee11e0, L_0x5f25bbee12d0;
L_0x5f25bbee14e0 .concat [ 1 1 0 0], L_0x5f25bbee0660, L_0x7dfe8e26e2e8;
L_0x5f25bbee1650 .arith/sum 2, L_0x5f25bbee13a0, L_0x5f25bbee14e0;
S_0x5f25bbec66f0 .scope module, "fa4" "adder" 4 7, 5 1 0, S_0x5f25bbec3ba0;
 .timescale -9 -11;
    .port_info 0 /OUTPUT 1 "c_out";
    .port_info 1 /OUTPUT 1 "sum";
    .port_info 2 /INPUT 1 "a";
    .port_info 3 /INPUT 1 "b";
    .port_info 4 /INPUT 1 "c_in";
L_0x7dfe8e26e378 .functor BUFT 1, C4<0>, C4<0>, C4<0>, C4<0>;
v0x5f25bbec6880_0 .net *"_ivl_10", 0 0, L_0x7dfe8e26e378;  1 drivers
v0x5f25bbec6980_0 .net *"_ivl_11", 1 0, L_0x5f25bbee1de0;  1 drivers
v0x5f25bbec6a60_0 .net *"_ivl_13", 1 0, L_0x5f25bbee1f20;  1 drivers
L_0x7dfe8e26e3c0 .functor BUFT 1, C4<0>, C4<0>, C4<0>, C4<0>;
v0x5f25bbec6b50_0 .net *"_ivl_16", 0 0, L_0x7dfe8e26e3c0;  1 drivers
v0x5f25bbec6c30_0 .net *"_ivl_17", 1 0, L_0x5f25bbee2090;  1 drivers
v0x5f25bbec6d60_0 .net *"_ivl_3", 1 0, L_0x5f25bbee1c00;  1 drivers
L_0x7dfe8e26e330 .functor BUFT 1, C4<0>, C4<0>, C4<0>, C4<0>;
v0x5f25bbec6e40_0 .net *"_ivl_6", 0 0, L_0x7dfe8e26e330;  1 drivers
v0x5f25bbec6f20_0 .net *"_ivl_7", 1 0, L_0x5f25bbee1cf0;  1 drivers
v0x5f25bbec7000_0 .net "a", 0 0, L_0x5f25bbee23b0;  1 drivers
v0x5f25bbec7150_0 .net "b", 0 0, L_0x5f25bbee24f0;  1 drivers
v0x5f25bbec7210_0 .net "c_in", 0 0, L_0x5f25bbee1050;  alias, 1 drivers
v0x5f25bbec72b0_0 .net "c_out", 0 0, L_0x5f25bbee1ac0;  alias, 1 drivers
v0x5f25bbec7350_0 .net "sum", 0 0, L_0x5f25bbee1b60;  1 drivers
L_0x5f25bbee1ac0 .part L_0x5f25bbee2090, 1, 1;
L_0x5f25bbee1b60 .part L_0x5f25bbee2090, 0, 1;
L_0x5f25bbee1c00 .concat [ 1 1 0 0], L_0x5f25bbee23b0, L_0x7dfe8e26e330;
L_0x5f25bbee1cf0 .concat [ 1 1 0 0], L_0x5f25bbee24f0, L_0x7dfe8e26e378;
L_0x5f25bbee1de0 .arith/sum 2, L_0x5f25bbee1c00, L_0x5f25bbee1cf0;
L_0x5f25bbee1f20 .concat [ 1 1 0 0], L_0x5f25bbee1050, L_0x7dfe8e26e3c0;
L_0x5f25bbee2090 .arith/sum 2, L_0x5f25bbee1de0, L_0x5f25bbee1f20;
S_0x5f25bbec7c20 .scope module, "mux" "mux2_4" 3 12, 6 1 0, S_0x5f25bbe9e6c0;
 .timescale -9 -11;
    .port_info 0 /OUTPUT 4 "Out";
    .port_info 1 /INPUT 4 "A";
    .port_info 2 /INPUT 4 "B";
    .port_info 3 /INPUT 1 "s";
L_0x5f25bbee4020 .functor NOT 1, L_0x5f25bbee5420, C4<0>, C4<0>, C4<0>;
L_0x5f25bbee41c0 .functor AND 1, L_0x5f25bbee4090, L_0x5f25bbee4020, C4<1>, C4<1>;
L_0x5f25bbee4360 .functor AND 1, L_0x5f25bbee4230, L_0x5f25bbee5420, C4<1>, C4<1>;
L_0x5f25bbee4420 .functor OR 1, L_0x5f25bbee41c0, L_0x5f25bbee4360, C4<0>, C4<0>;
L_0x5f25bbee45d0 .functor AND 1, L_0x5f25bbee4530, L_0x5f25bbee4020, C4<1>, C4<1>;
L_0x5f25bbee4730 .functor AND 1, L_0x5f25bbee4690, L_0x5f25bbee5420, C4<1>, C4<1>;
L_0x5f25bbee47f0 .functor OR 1, L_0x5f25bbee45d0, L_0x5f25bbee4730, C4<0>, C4<0>;
L_0x5f25bbee49a0 .functor AND 1, L_0x5f25bbee4900, L_0x5f25bbee4020, C4<1>, C4<1>;
L_0x5f25bbee4be0 .functor AND 1, L_0x5f25bbee4b40, L_0x5f25bbee5420, C4<1>, C4<1>;
L_0x5f25bbee4ce0 .functor OR 1, L_0x5f25bbee49a0, L_0x5f25bbee4be0, C4<0>, C4<0>;
L_0x5f25bbee5030 .functor AND 1, L_0x5f25bbee4f40, L_0x5f25bbee4020, C4<1>, C4<1>;
L_0x5f25bbee5190 .functor AND 1, L_0x5f25bbee50f0, L_0x5f25bbee5420, C4<1>, C4<1>;
L_0x5f25bbee52c0 .functor OR 1, L_0x5f25bbee5030, L_0x5f25bbee5190, C4<0>, C4<0>;
v0x5f25bbec7e90_0 .net "A", 3 0, L_0x5f25bbee21d0;  alias, 1 drivers
v0x5f25bbec7f50_0 .net "B", 3 0, L_0x5f25bbee39c0;  alias, 1 drivers
v0x5f25bbec8010_0 .net "Out", 3 0, L_0x5f25bbee4e00;  alias, 1 drivers
v0x5f25bbec80d0_0 .net *"_ivl_10", 0 0, L_0x5f25bbee4420;  1 drivers
v0x5f25bbec81b0_0 .net *"_ivl_15", 0 0, L_0x5f25bbee4530;  1 drivers
v0x5f25bbec82e0_0 .net *"_ivl_16", 0 0, L_0x5f25bbee45d0;  1 drivers
v0x5f25bbec83c0_0 .net *"_ivl_19", 0 0, L_0x5f25bbee4690;  1 drivers
v0x5f25bbec84a0_0 .net *"_ivl_20", 0 0, L_0x5f25bbee4730;  1 drivers
v0x5f25bbec8580_0 .net *"_ivl_22", 0 0, L_0x5f25bbee47f0;  1 drivers
v0x5f25bbec86f0_0 .net *"_ivl_27", 0 0, L_0x5f25bbee4900;  1 drivers
v0x5f25bbec87d0_0 .net *"_ivl_28", 0 0, L_0x5f25bbee49a0;  1 drivers
v0x5f25bbec88b0_0 .net *"_ivl_3", 0 0, L_0x5f25bbee4090;  1 drivers
v0x5f25bbec8990_0 .net *"_ivl_31", 0 0, L_0x5f25bbee4b40;  1 drivers
v0x5f25bbec8a70_0 .net *"_ivl_32", 0 0, L_0x5f25bbee4be0;  1 drivers
v0x5f25bbec8b50_0 .net *"_ivl_34", 0 0, L_0x5f25bbee4ce0;  1 drivers
v0x5f25bbec8c30_0 .net *"_ivl_4", 0 0, L_0x5f25bbee41c0;  1 drivers
v0x5f25bbec8d10_0 .net *"_ivl_40", 0 0, L_0x5f25bbee4f40;  1 drivers
v0x5f25bbec8df0_0 .net *"_ivl_41", 0 0, L_0x5f25bbee5030;  1 drivers
v0x5f25bbec8ed0_0 .net *"_ivl_44", 0 0, L_0x5f25bbee50f0;  1 drivers
v0x5f25bbec8fb0_0 .net *"_ivl_45", 0 0, L_0x5f25bbee5190;  1 drivers
v0x5f25bbec9090_0 .net *"_ivl_47", 0 0, L_0x5f25bbee52c0;  1 drivers
v0x5f25bbec9170_0 .net *"_ivl_7", 0 0, L_0x5f25bbee4230;  1 drivers
v0x5f25bbec9250_0 .net *"_ivl_8", 0 0, L_0x5f25bbee4360;  1 drivers
v0x5f25bbec9330_0 .net "not_s", 0 0, L_0x5f25bbee4020;  1 drivers
v0x5f25bbec93f0_0 .net "s", 0 0, L_0x5f25bbee5420;  1 drivers
L_0x5f25bbee4090 .part L_0x5f25bbee21d0, 0, 1;
L_0x5f25bbee4230 .part L_0x5f25bbee39c0, 0, 1;
L_0x5f25bbee4530 .part L_0x5f25bbee21d0, 1, 1;
L_0x5f25bbee4690 .part L_0x5f25bbee39c0, 1, 1;
L_0x5f25bbee4900 .part L_0x5f25bbee21d0, 2, 1;
L_0x5f25bbee4b40 .part L_0x5f25bbee39c0, 2, 1;
L_0x5f25bbee4e00 .concat8 [ 1 1 1 1], L_0x5f25bbee4420, L_0x5f25bbee47f0, L_0x5f25bbee4ce0, L_0x5f25bbee52c0;
L_0x5f25bbee4f40 .part L_0x5f25bbee21d0, 3, 1;
L_0x5f25bbee50f0 .part L_0x5f25bbee39c0, 3, 1;
S_0x5f25bbec9530 .scope module, "prep" "preprocess" 3 4, 7 1 0, S_0x5f25bbe9e6c0;
 .timescale -9 -11;
    .port_info 0 /OUTPUT 4 "AMod";
    .port_info 1 /OUTPUT 4 "BMod";
    .port_info 2 /INPUT 4 "A";
    .port_info 3 /INPUT 4 "B";
    .port_info 4 /INPUT 3 "Op";
L_0x5f25bbed8c90 .functor NOT 1, L_0x5f25bbed8bf0, C4<0>, C4<0>, C4<0>;
L_0x5f25bbed8e80 .functor AND 1, L_0x5f25bbed8c90, L_0x5f25bbed8d50, C4<1>, C4<1>;
L_0x5f25bbed9030 .functor NOT 1, L_0x5f25bbed8f90, C4<0>, C4<0>, C4<0>;
L_0x5f25bbed91c0 .functor NOT 1, L_0x5f25bbed90f0, C4<0>, C4<0>, C4<0>;
L_0x5f25bbed92b0 .functor AND 1, L_0x5f25bbed9030, L_0x5f25bbed91c0, C4<1>, C4<1>;
L_0x5f25bbed9460 .functor AND 1, L_0x5f25bbed92b0, L_0x5f25bbed93c0, C4<1>, C4<1>;
L_0x5f25bbed9840 .functor NOT 1, L_0x5f25bbed97a0, C4<0>, C4<0>, C4<0>;
L_0x5f25bbed9900 .functor AND 1, L_0x5f25bbed95b0, L_0x5f25bbed9840, C4<1>, C4<1>;
L_0x5f25bbed9bf0 .functor NOT 1, L_0x5f25bbed9b50, C4<0>, C4<0>, C4<0>;
L_0x5f25bbed9cb0 .functor AND 1, L_0x5f25bbed9a60, L_0x5f25bbed9bf0, C4<1>, C4<1>;
L_0x5f25bbed9e20 .functor OR 1, L_0x5f25bbed9900, L_0x5f25bbed9cb0, C4<0>, C4<0>;
L_0x5f25bbeda0d0 .functor NOT 1, L_0x5f25bbeda030, C4<0>, C4<0>, C4<0>;
L_0x5f25bbeda1b0 .functor AND 1, L_0x5f25bbed9f30, L_0x5f25bbeda0d0, C4<1>, C4<1>;
L_0x5f25bbeda470 .functor NOT 1, L_0x5f25bbeda3d0, C4<0>, C4<0>, C4<0>;
L_0x5f25bbeda140 .functor AND 1, L_0x5f25bbeda2c0, L_0x5f25bbeda470, C4<1>, C4<1>;
L_0x5f25bbeda650 .functor OR 1, L_0x5f25bbeda1b0, L_0x5f25bbeda140, C4<0>, C4<0>;
v0x5f25bbed0280_0 .net "A", 3 0, v0x5f25bbed8550_0;  alias, 1 drivers
v0x5f25bbed0360_0 .net "AMod", 3 0, L_0x5f25bbedcb50;  alias, 1 drivers
v0x5f25bbed0470_0 .net "B", 3 0, v0x5f25bbed86a0_0;  alias, 1 drivers
v0x5f25bbed0510_0 .net "BMod", 3 0, L_0x5f25bbedf440;  alias, 1 drivers
v0x5f25bbed05b0_0 .net "Op", 2 0, v0x5f25bbed8760_0;  alias, 1 drivers
v0x5f25bbed06e0_0 .net *"_ivl_1", 0 0, L_0x5f25bbed8bf0;  1 drivers
v0x5f25bbed07c0_0 .net *"_ivl_10", 0 0, L_0x5f25bbed9030;  1 drivers
v0x5f25bbed08a0_0 .net *"_ivl_13", 0 0, L_0x5f25bbed90f0;  1 drivers
v0x5f25bbed0980_0 .net *"_ivl_14", 0 0, L_0x5f25bbed91c0;  1 drivers
v0x5f25bbed0a60_0 .net *"_ivl_16", 0 0, L_0x5f25bbed92b0;  1 drivers
v0x5f25bbed0b40_0 .net *"_ivl_19", 0 0, L_0x5f25bbed93c0;  1 drivers
v0x5f25bbed0c20_0 .net *"_ivl_2", 0 0, L_0x5f25bbed8c90;  1 drivers
v0x5f25bbed0d00_0 .net *"_ivl_23", 0 0, L_0x5f25bbed95b0;  1 drivers
v0x5f25bbed0de0_0 .net *"_ivl_25", 0 0, L_0x5f25bbed97a0;  1 drivers
v0x5f25bbed0ec0_0 .net *"_ivl_26", 0 0, L_0x5f25bbed9840;  1 drivers
v0x5f25bbed0fa0_0 .net *"_ivl_28", 0 0, L_0x5f25bbed9900;  1 drivers
v0x5f25bbed1080_0 .net *"_ivl_31", 0 0, L_0x5f25bbed9a60;  1 drivers
v0x5f25bbed1270_0 .net *"_ivl_33", 0 0, L_0x5f25bbed9b50;  1 drivers
v0x5f25bbed1350_0 .net *"_ivl_34", 0 0, L_0x5f25bbed9bf0;  1 drivers
v0x5f25bbed1430_0 .net *"_ivl_36", 0 0, L_0x5f25bbed9cb0;  1 drivers
v0x5f25bbed1510_0 .net *"_ivl_41", 0 0, L_0x5f25bbed9f30;  1 drivers
v0x5f25bbed15f0_0 .net *"_ivl_43", 0 0, L_0x5f25bbeda030;  1 drivers
v0x5f25bbed16d0_0 .net *"_ivl_44", 0 0, L_0x5f25bbeda0d0;  1 drivers
v0x5f25bbed17b0_0 .net *"_ivl_46", 0 0, L_0x5f25bbeda1b0;  1 drivers
v0x5f25bbed1890_0 .net *"_ivl_49", 0 0, L_0x5f25bbeda2c0;  1 drivers
v0x5f25bbed1970_0 .net *"_ivl_5", 0 0, L_0x5f25bbed8d50;  1 drivers
v0x5f25bbed1a50_0 .net *"_ivl_51", 0 0, L_0x5f25bbeda3d0;  1 drivers
v0x5f25bbed1b30_0 .net *"_ivl_52", 0 0, L_0x5f25bbeda470;  1 drivers
v0x5f25bbed1c10_0 .net *"_ivl_54", 0 0, L_0x5f25bbeda140;  1 drivers
v0x5f25bbed1cf0_0 .net *"_ivl_9", 0 0, L_0x5f25bbed8f90;  1 drivers
v0x5f25bbed1dd0_0 .net "add1", 0 0, L_0x5f25bbed8e80;  1 drivers
v0x5f25bbed1e70_0 .net "add_out", 3 0, L_0x5f25bbedb660;  1 drivers
v0x5f25bbed1f10_0 .net "cpl", 0 0, L_0x5f25bbed9460;  1 drivers
v0x5f25bbed2210_0 .net "op1_A", 0 0, L_0x5f25bbed9e20;  1 drivers
v0x5f25bbed22b0_0 .net "op2_B", 0 0, L_0x5f25bbeda650;  1 drivers
v0x5f25bbed2350_0 .net "op2_B_out", 3 0, L_0x5f25bbede000;  1 drivers
L_0x5f25bbed8bf0 .part v0x5f25bbed8760_0, 2, 1;
L_0x5f25bbed8d50 .part v0x5f25bbed8760_0, 0, 1;
L_0x5f25bbed8f90 .part v0x5f25bbed8760_0, 2, 1;
L_0x5f25bbed90f0 .part v0x5f25bbed8760_0, 1, 1;
L_0x5f25bbed93c0 .part v0x5f25bbed8760_0, 0, 1;
L_0x5f25bbed95b0 .part v0x5f25bbed8760_0, 1, 1;
L_0x5f25bbed97a0 .part v0x5f25bbed8760_0, 0, 1;
L_0x5f25bbed9a60 .part v0x5f25bbed8760_0, 2, 1;
L_0x5f25bbed9b50 .part v0x5f25bbed8760_0, 1, 1;
L_0x5f25bbed9f30 .part v0x5f25bbed8760_0, 1, 1;
L_0x5f25bbeda030 .part v0x5f25bbed8760_0, 0, 1;
L_0x5f25bbeda2c0 .part v0x5f25bbed8760_0, 2, 1;
L_0x5f25bbeda3d0 .part v0x5f25bbed8760_0, 1, 1;
S_0x5f25bbec96f0 .scope module, "compl" "compl1" 7 18, 8 1 0, S_0x5f25bbec9530;
 .timescale -9 -11;
    .port_info 0 /OUTPUT 4 "Out";
    .port_info 1 /INPUT 4 "Inp";
    .port_info 2 /INPUT 1 "cpl";
L_0x5f25bbedfcc0 .functor NOT 4, L_0x5f25bbede000, C4<0000>, C4<0000>, C4<0000>;
v0x5f25bbecb270_0 .net "Inp", 3 0, L_0x5f25bbede000;  alias, 1 drivers
v0x5f25bbecb350_0 .net "Out", 3 0, L_0x5f25bbedf440;  alias, 1 drivers
v0x5f25bbecb3f0_0 .net "cpl", 0 0, L_0x5f25bbed9460;  alias, 1 drivers
S_0x5f25bbec9940 .scope module, "mux_cpl" "mux2_4" 8 2, 6 1 0, S_0x5f25bbec96f0;
 .timescale -9 -11;
    .port_info 0 /OUTPUT 4 "Out";
    .port_info 1 /INPUT 4 "A";
    .port_info 2 /INPUT 4 "B";
    .port_info 3 /INPUT 1 "s";
L_0x5f25bbede660 .functor NOT 1, L_0x5f25bbed9460, C4<0>, C4<0>, C4<0>;
L_0x5f25bbede800 .functor AND 1, L_0x5f25bbede760, L_0x5f25bbede660, C4<1>, C4<1>;
L_0x5f25bbede960 .functor AND 1, L_0x5f25bbede8c0, L_0x5f25bbed9460, C4<1>, C4<1>;
L_0x5f25bbedea20 .functor OR 1, L_0x5f25bbede800, L_0x5f25bbede960, C4<0>, C4<0>;
L_0x5f25bbedec20 .functor AND 1, L_0x5f25bbedeb30, L_0x5f25bbede660, C4<1>, C4<1>;
L_0x5f25bbededb0 .functor AND 1, L_0x5f25bbedece0, L_0x5f25bbed9460, C4<1>, C4<1>;
L_0x5f25bbedee70 .functor OR 1, L_0x5f25bbedec20, L_0x5f25bbededb0, C4<0>, C4<0>;
L_0x5f25bbedf020 .functor AND 1, L_0x5f25bbedef80, L_0x5f25bbede660, C4<1>, C4<1>;
L_0x5f25bbedf260 .functor AND 1, L_0x5f25bbedf1c0, L_0x5f25bbed9460, C4<1>, C4<1>;
L_0x5f25bbedf2d0 .functor OR 1, L_0x5f25bbedf020, L_0x5f25bbedf260, C4<0>, C4<0>;
L_0x5f25bbedf700 .functor AND 1, L_0x5f25bbedf580, L_0x5f25bbede660, C4<1>, C4<1>;
L_0x5f25bbedf920 .functor AND 1, L_0x5f25bbedf770, L_0x5f25bbed9460, C4<1>, C4<1>;
L_0x5f25bbedfb60 .functor OR 1, L_0x5f25bbedf700, L_0x5f25bbedf920, C4<0>, C4<0>;
v0x5f25bbec9be0_0 .net "A", 3 0, L_0x5f25bbedfcc0;  1 drivers
v0x5f25bbec9ce0_0 .net "B", 3 0, L_0x5f25bbede000;  alias, 1 drivers
v0x5f25bbec9dc0_0 .net "Out", 3 0, L_0x5f25bbedf440;  alias, 1 drivers
v0x5f25bbec9ec0_0 .net *"_ivl_10", 0 0, L_0x5f25bbedea20;  1 drivers
v0x5f25bbec9f80_0 .net *"_ivl_15", 0 0, L_0x5f25bbedeb30;  1 drivers
v0x5f25bbeca0b0_0 .net *"_ivl_16", 0 0, L_0x5f25bbedec20;  1 drivers
v0x5f25bbeca190_0 .net *"_ivl_19", 0 0, L_0x5f25bbedece0;  1 drivers
v0x5f25bbeca270_0 .net *"_ivl_20", 0 0, L_0x5f25bbededb0;  1 drivers
v0x5f25bbeca350_0 .net *"_ivl_22", 0 0, L_0x5f25bbedee70;  1 drivers
v0x5f25bbeca430_0 .net *"_ivl_27", 0 0, L_0x5f25bbedef80;  1 drivers
v0x5f25bbeca510_0 .net *"_ivl_28", 0 0, L_0x5f25bbedf020;  1 drivers
v0x5f25bbeca5f0_0 .net *"_ivl_3", 0 0, L_0x5f25bbede760;  1 drivers
v0x5f25bbeca6d0_0 .net *"_ivl_31", 0 0, L_0x5f25bbedf1c0;  1 drivers
v0x5f25bbeca7b0_0 .net *"_ivl_32", 0 0, L_0x5f25bbedf260;  1 drivers
v0x5f25bbeca890_0 .net *"_ivl_34", 0 0, L_0x5f25bbedf2d0;  1 drivers
v0x5f25bbeca970_0 .net *"_ivl_4", 0 0, L_0x5f25bbede800;  1 drivers
v0x5f25bbecaa50_0 .net *"_ivl_40", 0 0, L_0x5f25bbedf580;  1 drivers
v0x5f25bbecab30_0 .net *"_ivl_41", 0 0, L_0x5f25bbedf700;  1 drivers
v0x5f25bbecac10_0 .net *"_ivl_44", 0 0, L_0x5f25bbedf770;  1 drivers
v0x5f25bbecacf0_0 .net *"_ivl_45", 0 0, L_0x5f25bbedf920;  1 drivers
v0x5f25bbecadd0_0 .net *"_ivl_47", 0 0, L_0x5f25bbedfb60;  1 drivers
v0x5f25bbecaeb0_0 .net *"_ivl_7", 0 0, L_0x5f25bbede8c0;  1 drivers
v0x5f25bbecaf90_0 .net *"_ivl_8", 0 0, L_0x5f25bbede960;  1 drivers
v0x5f25bbecb070_0 .net "not_s", 0 0, L_0x5f25bbede660;  1 drivers
v0x5f25bbecb130_0 .net "s", 0 0, L_0x5f25bbed9460;  alias, 1 drivers
L_0x5f25bbede760 .part L_0x5f25bbedfcc0, 0, 1;
L_0x5f25bbede8c0 .part L_0x5f25bbede000, 0, 1;
L_0x5f25bbedeb30 .part L_0x5f25bbedfcc0, 1, 1;
L_0x5f25bbedece0 .part L_0x5f25bbede000, 1, 1;
L_0x5f25bbedef80 .part L_0x5f25bbedfcc0, 2, 1;
L_0x5f25bbedf1c0 .part L_0x5f25bbede000, 2, 1;
L_0x5f25bbedf440 .concat8 [ 1 1 1 1], L_0x5f25bbedea20, L_0x5f25bbedee70, L_0x5f25bbedf2d0, L_0x5f25bbedfb60;
L_0x5f25bbedf580 .part L_0x5f25bbedfcc0, 3, 1;
L_0x5f25bbedf770 .part L_0x5f25bbede000, 3, 1;
S_0x5f25bbecb500 .scope module, "mux_add" "mux2_4" 7 13, 6 1 0, S_0x5f25bbec9530;
 .timescale -9 -11;
    .port_info 0 /OUTPUT 4 "Out";
    .port_info 1 /INPUT 4 "A";
    .port_info 2 /INPUT 4 "B";
    .port_info 3 /INPUT 1 "s";
L_0x5f25bbeda840 .functor NOT 1, L_0x5f25bbed8e80, C4<0>, C4<0>, C4<0>;
L_0x5f25bbeda950 .functor AND 1, L_0x5f25bbeda8b0, L_0x5f25bbeda840, C4<1>, C4<1>;
L_0x5f25bbedab00 .functor AND 1, L_0x5f25bbedaa60, L_0x5f25bbed8e80, C4<1>, C4<1>;
L_0x5f25bbedabc0 .functor OR 1, L_0x5f25bbeda950, L_0x5f25bbedab00, C4<0>, C4<0>;
L_0x5f25bbedad70 .functor AND 1, L_0x5f25bbedac80, L_0x5f25bbeda840, C4<1>, C4<1>;
L_0x5f25bbedaf50 .functor AND 1, L_0x5f25bbedae30, L_0x5f25bbed8e80, C4<1>, C4<1>;
L_0x5f25bbedb050 .functor OR 1, L_0x5f25bbedad70, L_0x5f25bbedaf50, C4<0>, C4<0>;
L_0x5f25bbedb200 .functor AND 1, L_0x5f25bbedb160, L_0x5f25bbeda840, C4<1>, C4<1>;
L_0x5f25bbedb480 .functor AND 1, L_0x5f25bbedb3a0, L_0x5f25bbed8e80, C4<1>, C4<1>;
L_0x5f25bbedb4f0 .functor OR 1, L_0x5f25bbedb200, L_0x5f25bbedb480, C4<0>, C4<0>;
L_0x5f25bbedb920 .functor AND 1, L_0x5f25bbedb7a0, L_0x5f25bbeda840, C4<1>, C4<1>;
L_0x5f25bbedbac0 .functor AND 1, L_0x5f25bbedb990, L_0x5f25bbed8e80, C4<1>, C4<1>;
L_0x5f25bbedbba0 .functor OR 1, L_0x5f25bbedb920, L_0x5f25bbedbac0, C4<0>, C4<0>;
L_0x7dfe8e26e018 .functor BUFT 1, C4<0000>, C4<0>, C4<0>, C4<0>;
v0x5f25bbecb780_0 .net "A", 3 0, L_0x7dfe8e26e018;  1 drivers
L_0x7dfe8e26e060 .functor BUFT 1, C4<0001>, C4<0>, C4<0>, C4<0>;
v0x5f25bbecb860_0 .net "B", 3 0, L_0x7dfe8e26e060;  1 drivers
v0x5f25bbecb940_0 .net "Out", 3 0, L_0x5f25bbedb660;  alias, 1 drivers
v0x5f25bbecba30_0 .net *"_ivl_10", 0 0, L_0x5f25bbedabc0;  1 drivers
v0x5f25bbecbb10_0 .net *"_ivl_15", 0 0, L_0x5f25bbedac80;  1 drivers
v0x5f25bbecbc40_0 .net *"_ivl_16", 0 0, L_0x5f25bbedad70;  1 drivers
v0x5f25bbecbd20_0 .net *"_ivl_19", 0 0, L_0x5f25bbedae30;  1 drivers
v0x5f25bbecbe00_0 .net *"_ivl_20", 0 0, L_0x5f25bbedaf50;  1 drivers
v0x5f25bbecbee0_0 .net *"_ivl_22", 0 0, L_0x5f25bbedb050;  1 drivers
v0x5f25bbecbfc0_0 .net *"_ivl_27", 0 0, L_0x5f25bbedb160;  1 drivers
v0x5f25bbecc0a0_0 .net *"_ivl_28", 0 0, L_0x5f25bbedb200;  1 drivers
v0x5f25bbecc180_0 .net *"_ivl_3", 0 0, L_0x5f25bbeda8b0;  1 drivers
v0x5f25bbecc260_0 .net *"_ivl_31", 0 0, L_0x5f25bbedb3a0;  1 drivers
v0x5f25bbecc340_0 .net *"_ivl_32", 0 0, L_0x5f25bbedb480;  1 drivers
v0x5f25bbecc420_0 .net *"_ivl_34", 0 0, L_0x5f25bbedb4f0;  1 drivers
v0x5f25bbecc500_0 .net *"_ivl_4", 0 0, L_0x5f25bbeda950;  1 drivers
v0x5f25bbecc5e0_0 .net *"_ivl_40", 0 0, L_0x5f25bbedb7a0;  1 drivers
v0x5f25bbecc7d0_0 .net *"_ivl_41", 0 0, L_0x5f25bbedb920;  1 drivers
v0x5f25bbecc8b0_0 .net *"_ivl_44", 0 0, L_0x5f25bbedb990;  1 drivers
v0x5f25bbecc990_0 .net *"_ivl_45", 0 0, L_0x5f25bbedbac0;  1 drivers
v0x5f25bbecca70_0 .net *"_ivl_47", 0 0, L_0x5f25bbedbba0;  1 drivers
v0x5f25bbeccb50_0 .net *"_ivl_7", 0 0, L_0x5f25bbedaa60;  1 drivers
v0x5f25bbeccc30_0 .net *"_ivl_8", 0 0, L_0x5f25bbedab00;  1 drivers
v0x5f25bbeccd10_0 .net "not_s", 0 0, L_0x5f25bbeda840;  1 drivers
v0x5f25bbeccdd0_0 .net "s", 0 0, L_0x5f25bbed8e80;  alias, 1 drivers
L_0x5f25bbeda8b0 .part L_0x7dfe8e26e018, 0, 1;
L_0x5f25bbedaa60 .part L_0x7dfe8e26e060, 0, 1;
L_0x5f25bbedac80 .part L_0x7dfe8e26e018, 1, 1;
L_0x5f25bbedae30 .part L_0x7dfe8e26e060, 1, 1;
L_0x5f25bbedb160 .part L_0x7dfe8e26e018, 2, 1;
L_0x5f25bbedb3a0 .part L_0x7dfe8e26e060, 2, 1;
L_0x5f25bbedb660 .concat8 [ 1 1 1 1], L_0x5f25bbedabc0, L_0x5f25bbedb050, L_0x5f25bbedb4f0, L_0x5f25bbedbba0;
L_0x5f25bbedb7a0 .part L_0x7dfe8e26e018, 3, 1;
L_0x5f25bbedb990 .part L_0x7dfe8e26e060, 3, 1;
S_0x5f25bbeccf10 .scope module, "mux_op1_A" "mux2_4" 7 14, 6 1 0, S_0x5f25bbec9530;
 .timescale -9 -11;
    .port_info 0 /OUTPUT 4 "Out";
    .port_info 1 /INPUT 4 "A";
    .port_info 2 /INPUT 4 "B";
    .port_info 3 /INPUT 1 "s";
L_0x5f25bbedbd00 .functor NOT 1, L_0x5f25bbed9e20, C4<0>, C4<0>, C4<0>;
L_0x5f25bbedbea0 .functor AND 1, L_0x5f25bbedbd70, L_0x5f25bbedbd00, C4<1>, C4<1>;
L_0x5f25bbedc000 .functor AND 1, L_0x5f25bbedbf60, L_0x5f25bbed9e20, C4<1>, C4<1>;
L_0x5f25bbedc150 .functor OR 1, L_0x5f25bbedbea0, L_0x5f25bbedc000, C4<0>, C4<0>;
L_0x5f25bbedc2b0 .functor AND 1, L_0x5f25bbedc210, L_0x5f25bbedbd00, C4<1>, C4<1>;
L_0x5f25bbedc440 .functor AND 1, L_0x5f25bbedc370, L_0x5f25bbed9e20, C4<1>, C4<1>;
L_0x5f25bbedc540 .functor OR 1, L_0x5f25bbedc2b0, L_0x5f25bbedc440, C4<0>, C4<0>;
L_0x5f25bbedc6f0 .functor AND 1, L_0x5f25bbedc650, L_0x5f25bbedbd00, C4<1>, C4<1>;
L_0x5f25bbedc970 .functor AND 1, L_0x5f25bbedc890, L_0x5f25bbed9e20, C4<1>, C4<1>;
L_0x5f25bbedc9e0 .functor OR 1, L_0x5f25bbedc6f0, L_0x5f25bbedc970, C4<0>, C4<0>;
L_0x5f25bbedcd80 .functor AND 1, L_0x5f25bbedcc90, L_0x5f25bbedbd00, C4<1>, C4<1>;
L_0x5f25bbedcff0 .functor AND 1, L_0x5f25bbedce40, L_0x5f25bbed9e20, C4<1>, C4<1>;
L_0x5f25bbedd120 .functor OR 1, L_0x5f25bbedcd80, L_0x5f25bbedcff0, C4<0>, C4<0>;
v0x5f25bbecd140_0 .net "A", 3 0, L_0x5f25bbedb660;  alias, 1 drivers
v0x5f25bbecd230_0 .net "B", 3 0, v0x5f25bbed8550_0;  alias, 1 drivers
v0x5f25bbecd2f0_0 .net "Out", 3 0, L_0x5f25bbedcb50;  alias, 1 drivers
v0x5f25bbecd3f0_0 .net *"_ivl_10", 0 0, L_0x5f25bbedc150;  1 drivers
v0x5f25bbecd4b0_0 .net *"_ivl_15", 0 0, L_0x5f25bbedc210;  1 drivers
v0x5f25bbecd5e0_0 .net *"_ivl_16", 0 0, L_0x5f25bbedc2b0;  1 drivers
v0x5f25bbecd6c0_0 .net *"_ivl_19", 0 0, L_0x5f25bbedc370;  1 drivers
v0x5f25bbecd7a0_0 .net *"_ivl_20", 0 0, L_0x5f25bbedc440;  1 drivers
v0x5f25bbecd880_0 .net *"_ivl_22", 0 0, L_0x5f25bbedc540;  1 drivers
v0x5f25bbecd960_0 .net *"_ivl_27", 0 0, L_0x5f25bbedc650;  1 drivers
v0x5f25bbecda40_0 .net *"_ivl_28", 0 0, L_0x5f25bbedc6f0;  1 drivers
v0x5f25bbecdb20_0 .net *"_ivl_3", 0 0, L_0x5f25bbedbd70;  1 drivers
v0x5f25bbecdc00_0 .net *"_ivl_31", 0 0, L_0x5f25bbedc890;  1 drivers
v0x5f25bbecdce0_0 .net *"_ivl_32", 0 0, L_0x5f25bbedc970;  1 drivers
v0x5f25bbecddc0_0 .net *"_ivl_34", 0 0, L_0x5f25bbedc9e0;  1 drivers
v0x5f25bbecdea0_0 .net *"_ivl_4", 0 0, L_0x5f25bbedbea0;  1 drivers
v0x5f25bbecdf80_0 .net *"_ivl_40", 0 0, L_0x5f25bbedcc90;  1 drivers
v0x5f25bbece170_0 .net *"_ivl_41", 0 0, L_0x5f25bbedcd80;  1 drivers
v0x5f25bbece250_0 .net *"_ivl_44", 0 0, L_0x5f25bbedce40;  1 drivers
v0x5f25bbece330_0 .net *"_ivl_45", 0 0, L_0x5f25bbedcff0;  1 drivers
v0x5f25bbece410_0 .net *"_ivl_47", 0 0, L_0x5f25bbedd120;  1 drivers
v0x5f25bbece4f0_0 .net *"_ivl_7", 0 0, L_0x5f25bbedbf60;  1 drivers
v0x5f25bbece5d0_0 .net *"_ivl_8", 0 0, L_0x5f25bbedc000;  1 drivers
v0x5f25bbece6b0_0 .net "not_s", 0 0, L_0x5f25bbedbd00;  1 drivers
v0x5f25bbece770_0 .net "s", 0 0, L_0x5f25bbed9e20;  alias, 1 drivers
L_0x5f25bbedbd70 .part L_0x5f25bbedb660, 0, 1;
L_0x5f25bbedbf60 .part v0x5f25bbed8550_0, 0, 1;
L_0x5f25bbedc210 .part L_0x5f25bbedb660, 1, 1;
L_0x5f25bbedc370 .part v0x5f25bbed8550_0, 1, 1;
L_0x5f25bbedc650 .part L_0x5f25bbedb660, 2, 1;
L_0x5f25bbedc890 .part v0x5f25bbed8550_0, 2, 1;
L_0x5f25bbedcb50 .concat8 [ 1 1 1 1], L_0x5f25bbedc150, L_0x5f25bbedc540, L_0x5f25bbedc9e0, L_0x5f25bbedd120;
L_0x5f25bbedcc90 .part L_0x5f25bbedb660, 3, 1;
L_0x5f25bbedce40 .part v0x5f25bbed8550_0, 3, 1;
S_0x5f25bbece8b0 .scope module, "mux_op2_B" "mux2_4" 7 15, 6 1 0, S_0x5f25bbec9530;
 .timescale -9 -11;
    .port_info 0 /OUTPUT 4 "Out";
    .port_info 1 /INPUT 4 "A";
    .port_info 2 /INPUT 4 "B";
    .port_info 3 /INPUT 1 "s";
L_0x5f25bbedd280 .functor NOT 1, L_0x5f25bbeda650, C4<0>, C4<0>, C4<0>;
L_0x5f25bbedd390 .functor AND 1, L_0x5f25bbedd2f0, L_0x5f25bbedd280, C4<1>, C4<1>;
L_0x5f25bbedd540 .functor AND 1, L_0x5f25bbedd4a0, L_0x5f25bbeda650, C4<1>, C4<1>;
L_0x5f25bbedd640 .functor OR 1, L_0x5f25bbedd390, L_0x5f25bbedd540, C4<0>, C4<0>;
L_0x5f25bbedd7a0 .functor AND 1, L_0x5f25bbedd700, L_0x5f25bbedd280, C4<1>, C4<1>;
L_0x5f25bbedd930 .functor AND 1, L_0x5f25bbedd860, L_0x5f25bbeda650, C4<1>, C4<1>;
L_0x5f25bbedda30 .functor OR 1, L_0x5f25bbedd7a0, L_0x5f25bbedd930, C4<0>, C4<0>;
L_0x5f25bbeddbe0 .functor AND 1, L_0x5f25bbeddb40, L_0x5f25bbedd280, C4<1>, C4<1>;
L_0x5f25bbedde20 .functor AND 1, L_0x5f25bbeddd80, L_0x5f25bbeda650, C4<1>, C4<1>;
L_0x5f25bbedde90 .functor OR 1, L_0x5f25bbeddbe0, L_0x5f25bbedde20, C4<0>, C4<0>;
L_0x5f25bbede270 .functor AND 1, L_0x5f25bbede180, L_0x5f25bbedd280, C4<1>, C4<1>;
L_0x5f25bbede3d0 .functor AND 1, L_0x5f25bbede330, L_0x5f25bbeda650, C4<1>, C4<1>;
L_0x5f25bbede500 .functor OR 1, L_0x5f25bbede270, L_0x5f25bbede3d0, C4<0>, C4<0>;
v0x5f25bbeceab0_0 .net "A", 3 0, v0x5f25bbed8550_0;  alias, 1 drivers
v0x5f25bbecebc0_0 .net "B", 3 0, v0x5f25bbed86a0_0;  alias, 1 drivers
v0x5f25bbecec80_0 .net "Out", 3 0, L_0x5f25bbede000;  alias, 1 drivers
v0x5f25bbeceda0_0 .net *"_ivl_10", 0 0, L_0x5f25bbedd640;  1 drivers
v0x5f25bbecee80_0 .net *"_ivl_15", 0 0, L_0x5f25bbedd700;  1 drivers
v0x5f25bbecefb0_0 .net *"_ivl_16", 0 0, L_0x5f25bbedd7a0;  1 drivers
v0x5f25bbecf090_0 .net *"_ivl_19", 0 0, L_0x5f25bbedd860;  1 drivers
v0x5f25bbecf170_0 .net *"_ivl_20", 0 0, L_0x5f25bbedd930;  1 drivers
v0x5f25bbecf250_0 .net *"_ivl_22", 0 0, L_0x5f25bbedda30;  1 drivers
v0x5f25bbecf330_0 .net *"_ivl_27", 0 0, L_0x5f25bbeddb40;  1 drivers
v0x5f25bbecf410_0 .net *"_ivl_28", 0 0, L_0x5f25bbeddbe0;  1 drivers
v0x5f25bbecf4f0_0 .net *"_ivl_3", 0 0, L_0x5f25bbedd2f0;  1 drivers
v0x5f25bbecf5d0_0 .net *"_ivl_31", 0 0, L_0x5f25bbeddd80;  1 drivers
v0x5f25bbecf6b0_0 .net *"_ivl_32", 0 0, L_0x5f25bbedde20;  1 drivers
v0x5f25bbecf790_0 .net *"_ivl_34", 0 0, L_0x5f25bbedde90;  1 drivers
v0x5f25bbecf870_0 .net *"_ivl_4", 0 0, L_0x5f25bbedd390;  1 drivers
v0x5f25bbecf950_0 .net *"_ivl_40", 0 0, L_0x5f25bbede180;  1 drivers
v0x5f25bbecfb40_0 .net *"_ivl_41", 0 0, L_0x5f25bbede270;  1 drivers
v0x5f25bbecfc20_0 .net *"_ivl_44", 0 0, L_0x5f25bbede330;  1 drivers
v0x5f25bbecfd00_0 .net *"_ivl_45", 0 0, L_0x5f25bbede3d0;  1 drivers
v0x5f25bbecfde0_0 .net *"_ivl_47", 0 0, L_0x5f25bbede500;  1 drivers
v0x5f25bbecfec0_0 .net *"_ivl_7", 0 0, L_0x5f25bbedd4a0;  1 drivers
v0x5f25bbecffa0_0 .net *"_ivl_8", 0 0, L_0x5f25bbedd540;  1 drivers
v0x5f25bbed0080_0 .net "not_s", 0 0, L_0x5f25bbedd280;  1 drivers
v0x5f25bbed0140_0 .net "s", 0 0, L_0x5f25bbeda650;  alias, 1 drivers
L_0x5f25bbedd2f0 .part v0x5f25bbed8550_0, 0, 1;
L_0x5f25bbedd4a0 .part v0x5f25bbed86a0_0, 0, 1;
L_0x5f25bbedd700 .part v0x5f25bbed8550_0, 1, 1;
L_0x5f25bbedd860 .part v0x5f25bbed86a0_0, 1, 1;
L_0x5f25bbeddb40 .part v0x5f25bbed8550_0, 2, 1;
L_0x5f25bbeddd80 .part v0x5f25bbed86a0_0, 2, 1;
L_0x5f25bbede000 .concat8 [ 1 1 1 1], L_0x5f25bbedd640, L_0x5f25bbedda30, L_0x5f25bbedde90, L_0x5f25bbede500;
L_0x5f25bbede180 .part v0x5f25bbed8550_0, 3, 1;
L_0x5f25bbede330 .part v0x5f25bbed86a0_0, 3, 1;
S_0x5f25bbed2470 .scope module, "ul" "ul4" 3 10, 9 1 0, S_0x5f25bbe9e6c0;
 .timescale -9 -11;
    .port_info 0 /OUTPUT 4 "Out";
    .port_info 1 /INPUT 4 "A";
    .port_info 2 /INPUT 4 "B";
    .port_info 3 /INPUT 2 "S";
v0x5f25bbed6dd0_0 .net "A", 3 0, L_0x5f25bbedcb50;  alias, 1 drivers
v0x5f25bbed6e90_0 .net "B", 3 0, L_0x5f25bbedf440;  alias, 1 drivers
v0x5f25bbed6fe0_0 .net "Out", 3 0, L_0x5f25bbee39c0;  alias, 1 drivers
v0x5f25bbed70b0_0 .net "S", 1 0, L_0x5f25bbee3d70;  1 drivers
L_0x5f25bbee29a0 .part L_0x5f25bbedcb50, 0, 1;
L_0x5f25bbee2a40 .part L_0x5f25bbedf440, 0, 1;
L_0x5f25bbee2f00 .part L_0x5f25bbedcb50, 1, 1;
L_0x5f25bbee2fa0 .part L_0x5f25bbedf440, 1, 1;
L_0x5f25bbee3460 .part L_0x5f25bbedcb50, 2, 1;
L_0x5f25bbee3500 .part L_0x5f25bbedf440, 2, 1;
L_0x5f25bbee39c0 .concat8 [ 1 1 1 1], v0x5f25bbed3080_0, v0x5f25bbed4230_0, v0x5f25bbed5370_0, v0x5f25bbed6570_0;
L_0x5f25bbee3b50 .part L_0x5f25bbedcb50, 3, 1;
L_0x5f25bbee3c40 .part L_0x5f25bbedf440, 3, 1;
S_0x5f25bbed26c0 .scope module, "cl0" "cl" 9 2, 10 1 0, S_0x5f25bbed2470;
 .timescale -9 -11;
    .port_info 0 /OUTPUT 1 "out";
    .port_info 1 /INPUT 1 "a";
    .port_info 2 /INPUT 1 "b";
    .port_info 3 /INPUT 2 "S";
L_0x5f25bbee0140 .functor AND 1, L_0x5f25bbee29a0, L_0x5f25bbee2a40, C4<1>, C4<1>;
L_0x5f25bbee2630 .functor OR 1, L_0x5f25bbee29a0, L_0x5f25bbee2a40, C4<0>, C4<0>;
L_0x5f25bbee2790 .functor XOR 1, L_0x5f25bbee29a0, L_0x5f25bbee2a40, C4<0>, C4<0>;
L_0x5f25bbee2850 .functor NOT 1, L_0x5f25bbee29a0, C4<0>, C4<0>, C4<0>;
v0x5f25bbed3200_0 .net "S", 1 0, L_0x5f25bbee3d70;  alias, 1 drivers
v0x5f25bbed32e0_0 .net "a", 0 0, L_0x5f25bbee29a0;  1 drivers
v0x5f25bbed3380_0 .net "and_res", 0 0, L_0x5f25bbee0140;  1 drivers
v0x5f25bbed3480_0 .net "b", 0 0, L_0x5f25bbee2a40;  1 drivers
v0x5f25bbed3520_0 .net "not_res", 0 0, L_0x5f25bbee2850;  1 drivers
v0x5f25bbed3610_0 .net "or_res", 0 0, L_0x5f25bbee2630;  1 drivers
v0x5f25bbed36e0_0 .net "out", 0 0, v0x5f25bbed3080_0;  1 drivers
v0x5f25bbed37b0_0 .net "xor_res", 0 0, L_0x5f25bbee2790;  1 drivers
S_0x5f25bbed2930 .scope module, "mux4_1_v1" "mux4_1" 10 9, 11 1 0, S_0x5f25bbed26c0;
 .timescale -9 -11;
    .port_info 0 /OUTPUT 1 "out";
    .port_info 1 /INPUT 1 "a";
    .port_info 2 /INPUT 1 "b";
    .port_info 3 /INPUT 1 "c";
    .port_info 4 /INPUT 1 "d";
    .port_info 5 /INPUT 2 "S";
v0x5f25bbed2c20_0 .net "S", 1 0, L_0x5f25bbee3d70;  alias, 1 drivers
v0x5f25bbed2d20_0 .net "a", 0 0, L_0x5f25bbee0140;  alias, 1 drivers
v0x5f25bbed2de0_0 .net "b", 0 0, L_0x5f25bbee2630;  alias, 1 drivers
v0x5f25bbed2eb0_0 .net "c", 0 0, L_0x5f25bbee2790;  alias, 1 drivers
v0x5f25bbed2f70_0 .net "d", 0 0, L_0x5f25bbee2850;  alias, 1 drivers
v0x5f25bbed3080_0 .var "out", 0 0;
E_0x5f25bbe50b10/0 .event anyedge, v0x5f25bbed2c20_0, v0x5f25bbed2f70_0, v0x5f25bbed2eb0_0, v0x5f25bbed2de0_0;
E_0x5f25bbe50b10/1 .event anyedge, v0x5f25bbed2d20_0;
E_0x5f25bbe50b10 .event/or E_0x5f25bbe50b10/0, E_0x5f25bbe50b10/1;
S_0x5f25bbed38b0 .scope module, "cl1" "cl" 9 3, 10 1 0, S_0x5f25bbed2470;
 .timescale -9 -11;
    .port_info 0 /OUTPUT 1 "out";
    .port_info 1 /INPUT 1 "a";
    .port_info 2 /INPUT 1 "b";
    .port_info 3 /INPUT 2 "S";
L_0x5f25bbee2b70 .functor AND 1, L_0x5f25bbee2f00, L_0x5f25bbee2fa0, C4<1>, C4<1>;
L_0x5f25bbee2be0 .functor OR 1, L_0x5f25bbee2f00, L_0x5f25bbee2fa0, C4<0>, C4<0>;
L_0x5f25bbee2cf0 .functor XOR 1, L_0x5f25bbee2f00, L_0x5f25bbee2fa0, C4<0>, C4<0>;
L_0x5f25bbee2db0 .functor NOT 1, L_0x5f25bbee2f00, C4<0>, C4<0>, C4<0>;
v0x5f25bbed43b0_0 .net "S", 1 0, L_0x5f25bbee3d70;  alias, 1 drivers
v0x5f25bbed4490_0 .net "a", 0 0, L_0x5f25bbee2f00;  1 drivers
v0x5f25bbed4550_0 .net "and_res", 0 0, L_0x5f25bbee2b70;  1 drivers
v0x5f25bbed4620_0 .net "b", 0 0, L_0x5f25bbee2fa0;  1 drivers
v0x5f25bbed46c0_0 .net "not_res", 0 0, L_0x5f25bbee2db0;  1 drivers
v0x5f25bbed47b0_0 .net "or_res", 0 0, L_0x5f25bbee2be0;  1 drivers
v0x5f25bbed4880_0 .net "out", 0 0, v0x5f25bbed4230_0;  1 drivers
v0x5f25bbed4950_0 .net "xor_res", 0 0, L_0x5f25bbee2cf0;  1 drivers
S_0x5f25bbed3b00 .scope module, "mux4_1_v1" "mux4_1" 10 9, 11 1 0, S_0x5f25bbed38b0;
 .timescale -9 -11;
    .port_info 0 /OUTPUT 1 "out";
    .port_info 1 /INPUT 1 "a";
    .port_info 2 /INPUT 1 "b";
    .port_info 3 /INPUT 1 "c";
    .port_info 4 /INPUT 1 "d";
    .port_info 5 /INPUT 2 "S";
v0x5f25bbed3dd0_0 .net "S", 1 0, L_0x5f25bbee3d70;  alias, 1 drivers
v0x5f25bbed3f00_0 .net "a", 0 0, L_0x5f25bbee2b70;  alias, 1 drivers
v0x5f25bbed3fc0_0 .net "b", 0 0, L_0x5f25bbee2be0;  alias, 1 drivers
v0x5f25bbed4060_0 .net "c", 0 0, L_0x5f25bbee2cf0;  alias, 1 drivers
v0x5f25bbed4120_0 .net "d", 0 0, L_0x5f25bbee2db0;  alias, 1 drivers
v0x5f25bbed4230_0 .var "out", 0 0;
E_0x5f25bbe273d0/0 .event anyedge, v0x5f25bbed2c20_0, v0x5f25bbed4120_0, v0x5f25bbed4060_0, v0x5f25bbed3fc0_0;
E_0x5f25bbe273d0/1 .event anyedge, v0x5f25bbed3f00_0;
E_0x5f25bbe273d0 .event/or E_0x5f25bbe273d0/0, E_0x5f25bbe273d0/1;
S_0x5f25bbed4a50 .scope module, "cl2" "cl" 9 4, 10 1 0, S_0x5f25bbed2470;
 .timescale -9 -11;
    .port_info 0 /OUTPUT 1 "out";
    .port_info 1 /INPUT 1 "a";
    .port_info 2 /INPUT 1 "b";
    .port_info 3 /INPUT 2 "S";
L_0x5f25bbee30d0 .functor AND 1, L_0x5f25bbee3460, L_0x5f25bbee3500, C4<1>, C4<1>;
L_0x5f25bbee3140 .functor OR 1, L_0x5f25bbee3460, L_0x5f25bbee3500, C4<0>, C4<0>;
L_0x5f25bbee3250 .functor XOR 1, L_0x5f25bbee3460, L_0x5f25bbee3500, C4<0>, C4<0>;
L_0x5f25bbee3310 .functor NOT 1, L_0x5f25bbee3460, C4<0>, C4<0>, C4<0>;
v0x5f25bbed5530_0 .net "S", 1 0, L_0x5f25bbee3d70;  alias, 1 drivers
v0x5f25bbed5610_0 .net "a", 0 0, L_0x5f25bbee3460;  1 drivers
v0x5f25bbed56d0_0 .net "and_res", 0 0, L_0x5f25bbee30d0;  1 drivers
v0x5f25bbed57a0_0 .net "b", 0 0, L_0x5f25bbee3500;  1 drivers
v0x5f25bbed5840_0 .net "not_res", 0 0, L_0x5f25bbee3310;  1 drivers
v0x5f25bbed5930_0 .net "or_res", 0 0, L_0x5f25bbee3140;  1 drivers
v0x5f25bbed5a00_0 .net "out", 0 0, v0x5f25bbed5370_0;  1 drivers
v0x5f25bbed5ad0_0 .net "xor_res", 0 0, L_0x5f25bbee3250;  1 drivers
S_0x5f25bbed4cd0 .scope module, "mux4_1_v1" "mux4_1" 10 9, 11 1 0, S_0x5f25bbed4a50;
 .timescale -9 -11;
    .port_info 0 /OUTPUT 1 "out";
    .port_info 1 /INPUT 1 "a";
    .port_info 2 /INPUT 1 "b";
    .port_info 3 /INPUT 1 "c";
    .port_info 4 /INPUT 1 "d";
    .port_info 5 /INPUT 2 "S";
v0x5f25bbed4f80_0 .net "S", 1 0, L_0x5f25bbee3d70;  alias, 1 drivers
v0x5f25bbed5060_0 .net "a", 0 0, L_0x5f25bbee30d0;  alias, 1 drivers
v0x5f25bbed5120_0 .net "b", 0 0, L_0x5f25bbee3140;  alias, 1 drivers
v0x5f25bbed51f0_0 .net "c", 0 0, L_0x5f25bbee3250;  alias, 1 drivers
v0x5f25bbed52b0_0 .net "d", 0 0, L_0x5f25bbee3310;  alias, 1 drivers
v0x5f25bbed5370_0 .var "out", 0 0;
E_0x5f25bbeace80/0 .event anyedge, v0x5f25bbed2c20_0, v0x5f25bbed52b0_0, v0x5f25bbed51f0_0, v0x5f25bbed5120_0;
E_0x5f25bbeace80/1 .event anyedge, v0x5f25bbed5060_0;
E_0x5f25bbeace80 .event/or E_0x5f25bbeace80/0, E_0x5f25bbeace80/1;
S_0x5f25bbed5bd0 .scope module, "cl3" "cl" 9 5, 10 1 0, S_0x5f25bbed2470;
 .timescale -9 -11;
    .port_info 0 /OUTPUT 1 "out";
    .port_info 1 /INPUT 1 "a";
    .port_info 2 /INPUT 1 "b";
    .port_info 3 /INPUT 2 "S";
L_0x5f25bbee3630 .functor AND 1, L_0x5f25bbee3b50, L_0x5f25bbee3c40, C4<1>, C4<1>;
L_0x5f25bbee36a0 .functor OR 1, L_0x5f25bbee3b50, L_0x5f25bbee3c40, C4<0>, C4<0>;
L_0x5f25bbee37b0 .functor XOR 1, L_0x5f25bbee3b50, L_0x5f25bbee3c40, C4<0>, C4<0>;
L_0x5f25bbee3870 .functor NOT 1, L_0x5f25bbee3b50, C4<0>, C4<0>, C4<0>;
v0x5f25bbed6730_0 .net "S", 1 0, L_0x5f25bbee3d70;  alias, 1 drivers
v0x5f25bbed6810_0 .net "a", 0 0, L_0x5f25bbee3b50;  1 drivers
v0x5f25bbed68d0_0 .net "and_res", 0 0, L_0x5f25bbee3630;  1 drivers
v0x5f25bbed69a0_0 .net "b", 0 0, L_0x5f25bbee3c40;  1 drivers
v0x5f25bbed6a40_0 .net "not_res", 0 0, L_0x5f25bbee3870;  1 drivers
v0x5f25bbed6b30_0 .net "or_res", 0 0, L_0x5f25bbee36a0;  1 drivers
v0x5f25bbed6c00_0 .net "out", 0 0, v0x5f25bbed6570_0;  1 drivers
v0x5f25bbed6cd0_0 .net "xor_res", 0 0, L_0x5f25bbee37b0;  1 drivers
S_0x5f25bbed5e20 .scope module, "mux4_1_v1" "mux4_1" 10 9, 11 1 0, S_0x5f25bbed5bd0;
 .timescale -9 -11;
    .port_info 0 /OUTPUT 1 "out";
    .port_info 1 /INPUT 1 "a";
    .port_info 2 /INPUT 1 "b";
    .port_info 3 /INPUT 1 "c";
    .port_info 4 /INPUT 1 "d";
    .port_info 5 /INPUT 2 "S";
v0x5f25bbed6130_0 .net "S", 1 0, L_0x5f25bbee3d70;  alias, 1 drivers
v0x5f25bbed6210_0 .net "a", 0 0, L_0x5f25bbee3630;  alias, 1 drivers
v0x5f25bbed62d0_0 .net "b", 0 0, L_0x5f25bbee36a0;  alias, 1 drivers
v0x5f25bbed63a0_0 .net "c", 0 0, L_0x5f25bbee37b0;  alias, 1 drivers
v0x5f25bbed6460_0 .net "d", 0 0, L_0x5f25bbee3870;  alias, 1 drivers
v0x5f25bbed6570_0 .var "out", 0 0;
E_0x5f25bbed60a0/0 .event anyedge, v0x5f25bbed2c20_0, v0x5f25bbed6460_0, v0x5f25bbed63a0_0, v0x5f25bbed62d0_0;
E_0x5f25bbed60a0/1 .event anyedge, v0x5f25bbed6210_0;
E_0x5f25bbed60a0 .event/or E_0x5f25bbed60a0/0, E_0x5f25bbed60a0/1;
    .scope S_0x5f25bbed2930;
T_1 ;
    %wait E_0x5f25bbe50b10;
    %load/vec4 v0x5f25bbed2c20_0;
    %dup/vec4;
    %pushi/vec4 0, 0, 2;
    %cmp/u;
    %jmp/1 T_1.0, 6;
    %dup/vec4;
    %pushi/vec4 1, 0, 2;
    %cmp/u;
    %jmp/1 T_1.1, 6;
    %dup/vec4;
    %pushi/vec4 2, 0, 2;
    %cmp/u;
    %jmp/1 T_1.2, 6;
    %dup/vec4;
    %pushi/vec4 3, 0, 2;
    %cmp/u;
    %jmp/1 T_1.3, 6;
    %jmp T_1.4;
T_1.0 ;
    %load/vec4 v0x5f25bbed2d20_0;
    %store/vec4 v0x5f25bbed3080_0, 0, 1;
    %jmp T_1.4;
T_1.1 ;
    %load/vec4 v0x5f25bbed2de0_0;
    %store/vec4 v0x5f25bbed3080_0, 0, 1;
    %jmp T_1.4;
T_1.2 ;
    %load/vec4 v0x5f25bbed2eb0_0;
    %store/vec4 v0x5f25bbed3080_0, 0, 1;
    %jmp T_1.4;
T_1.3 ;
    %load/vec4 v0x5f25bbed2f70_0;
    %store/vec4 v0x5f25bbed3080_0, 0, 1;
    %jmp T_1.4;
T_1.4 ;
    %pop/vec4 1;
    %jmp T_1;
    .thread T_1, $push;
    .scope S_0x5f25bbed3b00;
T_2 ;
    %wait E_0x5f25bbe273d0;
    %load/vec4 v0x5f25bbed3dd0_0;
    %dup/vec4;
    %pushi/vec4 0, 0, 2;
    %cmp/u;
    %jmp/1 T_2.0, 6;
    %dup/vec4;
    %pushi/vec4 1, 0, 2;
    %cmp/u;
    %jmp/1 T_2.1, 6;
    %dup/vec4;
    %pushi/vec4 2, 0, 2;
    %cmp/u;
    %jmp/1 T_2.2, 6;
    %dup/vec4;
    %pushi/vec4 3, 0, 2;
    %cmp/u;
    %jmp/1 T_2.3, 6;
    %jmp T_2.4;
T_2.0 ;
    %load/vec4 v0x5f25bbed3f00_0;
    %store/vec4 v0x5f25bbed4230_0, 0, 1;
    %jmp T_2.4;
T_2.1 ;
    %load/vec4 v0x5f25bbed3fc0_0;
    %store/vec4 v0x5f25bbed4230_0, 0, 1;
    %jmp T_2.4;
T_2.2 ;
    %load/vec4 v0x5f25bbed4060_0;
    %store/vec4 v0x5f25bbed4230_0, 0, 1;
    %jmp T_2.4;
T_2.3 ;
    %load/vec4 v0x5f25bbed4120_0;
    %store/vec4 v0x5f25bbed4230_0, 0, 1;
    %jmp T_2.4;
T_2.4 ;
    %pop/vec4 1;
    %jmp T_2;
    .thread T_2, $push;
    .scope S_0x5f25bbed4cd0;
T_3 ;
    %wait E_0x5f25bbeace80;
    %load/vec4 v0x5f25bbed4f80_0;
    %dup/vec4;
    %pushi/vec4 0, 0, 2;
    %cmp/u;
    %jmp/1 T_3.0, 6;
    %dup/vec4;
    %pushi/vec4 1, 0, 2;
    %cmp/u;
    %jmp/1 T_3.1, 6;
    %dup/vec4;
    %pushi/vec4 2, 0, 2;
    %cmp/u;
    %jmp/1 T_3.2, 6;
    %dup/vec4;
    %pushi/vec4 3, 0, 2;
    %cmp/u;
    %jmp/1 T_3.3, 6;
    %jmp T_3.4;
T_3.0 ;
    %load/vec4 v0x5f25bbed5060_0;
    %store/vec4 v0x5f25bbed5370_0, 0, 1;
    %jmp T_3.4;
T_3.1 ;
    %load/vec4 v0x5f25bbed5120_0;
    %store/vec4 v0x5f25bbed5370_0, 0, 1;
    %jmp T_3.4;
T_3.2 ;
    %load/vec4 v0x5f25bbed51f0_0;
    %store/vec4 v0x5f25bbed5370_0, 0, 1;
    %jmp T_3.4;
T_3.3 ;
    %load/vec4 v0x5f25bbed52b0_0;
    %store/vec4 v0x5f25bbed5370_0, 0, 1;
    %jmp T_3.4;
T_3.4 ;
    %pop/vec4 1;
    %jmp T_3;
    .thread T_3, $push;
    .scope S_0x5f25bbed5e20;
T_4 ;
    %wait E_0x5f25bbed60a0;
    %load/vec4 v0x5f25bbed6130_0;
    %dup/vec4;
    %pushi/vec4 0, 0, 2;
    %cmp/u;
    %jmp/1 T_4.0, 6;
    %dup/vec4;
    %pushi/vec4 1, 0, 2;
    %cmp/u;
    %jmp/1 T_4.1, 6;
    %dup/vec4;
    %pushi/vec4 2, 0, 2;
    %cmp/u;
    %jmp/1 T_4.2, 6;
    %dup/vec4;
    %pushi/vec4 3, 0, 2;
    %cmp/u;
    %jmp/1 T_4.3, 6;
    %jmp T_4.4;
T_4.0 ;
    %load/vec4 v0x5f25bbed6210_0;
    %store/vec4 v0x5f25bbed6570_0, 0, 1;
    %jmp T_4.4;
T_4.1 ;
    %load/vec4 v0x5f25bbed62d0_0;
    %store/vec4 v0x5f25bbed6570_0, 0, 1;
    %jmp T_4.4;
T_4.2 ;
    %load/vec4 v0x5f25bbed63a0_0;
    %store/vec4 v0x5f25bbed6570_0, 0, 1;
    %jmp T_4.4;
T_4.3 ;
    %load/vec4 v0x5f25bbed6460_0;
    %store/vec4 v0x5f25bbed6570_0, 0, 1;
    %jmp T_4.4;
T_4.4 ;
    %pop/vec4 1;
    %jmp T_4;
    .thread T_4, $push;
    .scope S_0x5f25bbea10d0;
T_5 ;
    %vpi_call 2 21 "$dumpfile", "alu.vcd" {0 0 0};
    %vpi_call 2 22 "$dumpvars" {0 0 0};
    %pushi/vec4 0, 0, 32;
    %store/vec4 v0x5f25bbed8470_0, 0, 32;
    %pushi/vec4 0, 0, 3;
    %store/vec4 v0x5f25bbed8760_0, 0, 3;
    %pushi/vec4 8, 0, 32;
T_5.0 %dup/vec4;
    %pushi/vec4 0, 0, 32;
    %cmp/s;
    %jmp/1xz T_5.1, 5;
    %jmp/1 T_5.1, 4;
    %pushi/vec4 1, 0, 32;
    %sub;
    %pushi/vec4 0, 0, 1;
    %store/vec4 v0x5f25bbed8a10_0, 0, 1;
    %pushi/vec4 2, 0, 32;
T_5.2 %dup/vec4;
    %pushi/vec4 0, 0, 32;
    %cmp/s;
    %jmp/1xz T_5.3, 5;
    %jmp/1 T_5.3, 4;
    %pushi/vec4 1, 0, 32;
    %sub;
    %pushi/vec4 0, 0, 4;
    %store/vec4 v0x5f25bbed8550_0, 0, 4;
    %pushi/vec4 16, 0, 32;
T_5.4 %dup/vec4;
    %pushi/vec4 0, 0, 32;
    %cmp/s;
    %jmp/1xz T_5.5, 5;
    %jmp/1 T_5.5, 4;
    %pushi/vec4 1, 0, 32;
    %sub;
    %pushi/vec4 0, 0, 4;
    %store/vec4 v0x5f25bbed86a0_0, 0, 4;
    %pushi/vec4 16, 0, 32;
T_5.6 %dup/vec4;
    %pushi/vec4 0, 0, 32;
    %cmp/s;
    %jmp/1xz T_5.7, 5;
    %jmp/1 T_5.7, 4;
    %pushi/vec4 1, 0, 32;
    %sub;
    %delay 1, 0;
    %fork TD_alu_tb.check, S_0x5f25bbe90d80;
    %join;
    %delay 999, 0;
    %load/vec4 v0x5f25bbed86a0_0;
    %addi 1, 0, 4;
    %store/vec4 v0x5f25bbed86a0_0, 0, 4;
    %jmp T_5.6;
T_5.7 ;
    %pop/vec4 1;
    %load/vec4 v0x5f25bbed8550_0;
    %addi 1, 0, 4;
    %store/vec4 v0x5f25bbed8550_0, 0, 4;
    %jmp T_5.4;
T_5.5 ;
    %pop/vec4 1;
    %load/vec4 v0x5f25bbed8a10_0;
    %pad/u 2;
    %addi 1, 0, 2;
    %pad/u 1;
    %store/vec4 v0x5f25bbed8a10_0, 0, 1;
    %jmp T_5.2;
T_5.3 ;
    %pop/vec4 1;
    %load/vec4 v0x5f25bbed8760_0;
    %addi 1, 0, 3;
    %store/vec4 v0x5f25bbed8760_0, 0, 3;
    %jmp T_5.0;
T_5.1 ;
    %pop/vec4 1;
    %vpi_call 2 48 "$display", "Encontradas %d operaciones erroneas", v0x5f25bbed8470_0 {0 0 0};
    %vpi_call 2 50 "$finish" {0 0 0};
    %end;
    .thread T_5;
# The file index is used to find the file name in the following table.
:file_names 12;
    "N/A";
    "<interactive>";
    "alu_tb (1).v";
    "ALU.v";
    "sum4.v";
    "fa.v";
    "multi4b.v";
    "preproc.v";
    "compl1.v";
    "ul4.v";
    "c1.v";
    "multi1b.v";
